\BOOKMARK [0][-]{chapter*.1}{\376\377\000A\000c\000k\000n\000o\000w\000l\000e\000d\000g\000e\000m\000e\000n\000t\000s}{}% 1
\BOOKMARK [0][-]{chapter*.2}{\376\377\000A\000b\000s\000t\000r\000a\000c\000t}{}% 2
\BOOKMARK [0][-]{chapter*.3}{\376\377\000R\000\351\000s\000u\000m\000\351}{}% 3
\BOOKMARK [0][-]{chapter*.5}{\376\377\000L\000i\000s\000t\000\040\000o\000f\000\040\000F\000i\000g\000u\000r\000e\000s}{}% 4
\BOOKMARK [0][-]{chapter*.6}{\376\377\000L\000i\000s\000t\000\040\000o\000f\000\040\000T\000a\000b\000l\000e\000s}{}% 5
\BOOKMARK [0][-]{section*.7}{\376\377\000L\000i\000s\000t\000\040\000o\000f\000\040\000A\000c\000r\000o\000n\000y\000m\000s}{}% 6
\BOOKMARK [0][-]{chapter*.8}{\376\377\000L\000i\000s\000t\000\040\000o\000f\000\040\000A\000c\000r\000o\000n\000y\000m\000s}{}% 7
\BOOKMARK [0][-]{chapter*.9}{\376\377\000G\000e\000n\000e\000r\000a\000l\000\040\000I\000n\000t\000r\000o\000d\000u\000c\000t\000i\000o\000n}{}% 8
\BOOKMARK [0][-]{chapter.1}{\376\377\000G\000e\000n\000e\000r\000a\000l\000\040\000C\000o\000n\000t\000e\000x\000t\000\040\000o\000f\000\040\000t\000h\000e\000\040\000P\000r\000o\000j\000e\000c\000t}{}% 9
\BOOKMARK [1][-]{section.1.1}{\376\377\000G\000e\000n\000e\000r\000a\000l\000\040\000O\000v\000e\000r\000v\000i\000e\000w\000\040\000o\000f\000\040\000t\000h\000e\000\040\000H\000o\000s\000t\000\040\000O\000r\000g\000a\000n\000i\000z\000a\000t\000i\000o\000n}{chapter.1}% 10
\BOOKMARK [2][-]{subsection.1.1.1}{\376\377\000I\000B\000M\000:\000\040\000A\000\040\000G\000l\000o\000b\000a\000l\000\040\000L\000e\000a\000d\000e\000r\000\040\000i\000n\000\040\000T\000e\000c\000h\000n\000o\000l\000o\000g\000y\000\040\000a\000n\000d\000\040\000I\000n\000n\000o\000v\000a\000t\000i\000o\000n}{section.1.1}% 11
\BOOKMARK [2][-]{subsection.1.1.2}{\376\377\000I\000B\000M\000\040\000P\000r\000o\000d\000u\000c\000t\000s\000\040\000a\000n\000d\000\040\000I\000n\000v\000e\000n\000t\000i\000o\000n\000s}{section.1.1}% 12
\BOOKMARK [2][-]{subsection.1.1.3}{\376\377\000I\000B\000M\000\040\000M\000o\000r\000o\000c\000c\000o}{section.1.1}% 13
\BOOKMARK [2][-]{subsection.1.1.4}{\376\377\000I\000B\000M\000\040\000C\000l\000i\000e\000n\000t\000\040\000I\000n\000n\000o\000v\000a\000t\000i\000o\000n\000\040\000C\000e\000n\000t\000e\000r}{section.1.1}% 14
\BOOKMARK [2][-]{subsection.1.1.5}{\376\377\000H\000a\000k\000k\000o\000d\000a\000:\000\040\000S\000n\000o\000w\000f\000l\000a\000k\000e\000\040\000D\000a\000t\000a\000\040\000E\000n\000g\000i\000n\000e\000e\000r\000i\000n\000g\000\040\000E\000x\000p\000e\000r\000t\000i\000s\000e}{section.1.1}% 15
\BOOKMARK [2][-]{subsection.1.1.6}{\376\377\000A\000R\000Y\000Z\000T\000A\000:\000\040\000T\000h\000e\000\040\000C\000l\000i\000e\000n\000t\000\040\000O\000r\000g\000a\000n\000i\000z\000a\000t\000i\000o\000n}{section.1.1}% 16
\BOOKMARK [1][-]{section.1.2}{\376\377\000P\000r\000o\000j\000e\000c\000t\000\040\000P\000r\000e\000s\000e\000n\000t\000a\000t\000i\000o\000n}{chapter.1}% 17
\BOOKMARK [2][-]{subsection.1.2.1}{\376\377\000C\000o\000n\000t\000e\000x\000t\000\040\000a\000n\000d\000\040\000M\000o\000t\000i\000v\000a\000t\000i\000o\000n}{section.1.2}% 18
\BOOKMARK [2][-]{subsection.1.2.2}{\376\377\000E\000x\000i\000s\000t\000i\000n\000g\000\040\000S\000n\000o\000w\000f\000l\000a\000k\000e\000\040\000E\000n\000v\000i\000r\000o\000n\000m\000e\000n\000t\000\040\000O\000v\000e\000r\000v\000i\000e\000w}{section.1.2}% 19
\BOOKMARK [2][-]{subsection.1.2.3}{\376\377\000R\000i\000s\000k\000s\000\040\000a\000n\000d\000\040\000C\000h\000a\000l\000l\000e\000n\000g\000e\000s}{section.1.2}% 20
\BOOKMARK [2][-]{subsection.1.2.4}{\376\377\000S\000p\000e\000c\000i\000f\000i\000c\000\040\000P\000r\000o\000b\000l\000e\000m\000\040\000A\000d\000d\000r\000e\000s\000s\000e\000d}{section.1.2}% 21
\BOOKMARK [2][-]{subsection.1.2.5}{\376\377\000P\000r\000o\000j\000e\000c\000t\000\040\000O\000b\000j\000e\000c\000t\000i\000v\000e\000s}{section.1.2}% 22
\BOOKMARK [1][-]{section.1.3}{\376\377\000P\000r\000o\000j\000e\000c\000t\000\040\000M\000a\000n\000a\000g\000e\000m\000e\000n\000t}{chapter.1}% 23
\BOOKMARK [2][-]{subsection.1.3.1}{\376\377\000A\000g\000i\000l\000e\000\040\000M\000e\000t\000h\000o\000d\000o\000l\000o\000g\000y\000:\000\040\000S\000C\000R\000U\000M}{section.1.3}% 24
\BOOKMARK [2][-]{subsection.1.3.2}{\376\377\000P\000r\000o\000j\000e\000c\000t\000\040\000T\000i\000m\000e\000l\000i\000n\000e}{section.1.3}% 25
\BOOKMARK [0][-]{chapter.2}{\376\377\000P\000r\000o\000b\000l\000e\000m\000\040\000A\000n\000a\000l\000y\000s\000i\000s}{}% 26
\BOOKMARK [1][-]{section.2.1}{\376\377\000C\000u\000r\000r\000e\000n\000t\000\040\000S\000t\000a\000t\000e\000\040\000A\000s\000s\000e\000s\000s\000m\000e\000n\000t}{chapter.2}% 27
\BOOKMARK [2][-]{subsection.2.1.1}{\376\377\000K\000e\000y\000\040\000P\000r\000o\000b\000l\000e\000m\000s\000\040\000I\000d\000e\000n\000t\000i\000f\000i\000e\000d}{section.2.1}% 28
\BOOKMARK [1][-]{section.2.2}{\376\377\000B\000u\000s\000i\000n\000e\000s\000s\000\040\000I\000m\000p\000a\000c\000t}{chapter.2}% 29
\BOOKMARK [2][-]{subsection.2.2.1}{\376\377\000O\000p\000e\000r\000a\000t\000i\000o\000n\000a\000l\000\040\000C\000h\000a\000l\000l\000e\000n\000g\000e\000s}{section.2.2}% 30
\BOOKMARK [2][-]{subsection.2.2.2}{\376\377\000F\000i\000n\000a\000n\000c\000i\000a\000l\000\040\000a\000n\000d\000\040\000S\000t\000r\000a\000t\000e\000g\000i\000c\000\040\000I\000m\000p\000a\000c\000t}{section.2.2}% 31
\BOOKMARK [1][-]{section.2.3}{\376\377\000R\000o\000o\000t\000\040\000C\000a\000u\000s\000e\000\040\000A\000n\000a\000l\000y\000s\000i\000s}{chapter.2}% 32
\BOOKMARK [2][-]{subsection.2.3.1}{\376\377\000O\000r\000g\000a\000n\000i\000z\000a\000t\000i\000o\000n\000a\000l\000\040\000F\000a\000c\000t\000o\000r\000s}{section.2.3}% 33
\BOOKMARK [2][-]{subsection.2.3.2}{\376\377\000T\000e\000c\000h\000n\000i\000c\000a\000l\000\040\000F\000a\000c\000t\000o\000r\000s}{section.2.3}% 34
\BOOKMARK [0][-]{chapter.3}{\376\377\000S\000o\000l\000u\000t\000i\000o\000n\000\040\000D\000e\000s\000i\000g\000n}{}% 35
\BOOKMARK [1][-]{section.3.1}{\376\377\000S\000o\000l\000u\000t\000i\000o\000n\000\040\000O\000v\000e\000r\000v\000i\000e\000w}{chapter.3}% 36
\BOOKMARK [1][-]{section.3.2}{\376\377\000A\000u\000d\000i\000t\000\040\000a\000n\000d\000\040\000C\000o\000m\000p\000a\000r\000i\000s\000o\000n\000\040\000T\000o\000o\000l\000\040\000A\000r\000c\000h\000i\000t\000e\000c\000t\000u\000r\000e}{chapter.3}% 37
\BOOKMARK [2][-]{subsection.3.2.1}{\376\377\000S\000y\000s\000t\000e\000m\000\040\000C\000o\000n\000t\000e\000x\000t}{section.3.2}% 38
\BOOKMARK [2][-]{subsection.3.2.2}{\376\377\000P\000e\000r\000s\000i\000s\000t\000e\000n\000c\000e\000\040\000D\000a\000t\000a\000\040\000M\000o\000d\000e\000l}{section.3.2}% 39
\BOOKMARK [2][-]{subsection.3.2.3}{\376\377\000C\000o\000m\000p\000a\000r\000i\000s\000o\000n\000\040\000R\000u\000n\000\040\000D\000y\000n\000a\000m\000i\000c\000s}{section.3.2}% 40
\BOOKMARK [2][-]{subsection.3.2.4}{\376\377\000O\000b\000j\000e\000c\000t\000\040\000T\000y\000p\000e\000s\000\040\000a\000n\000d\000\040\000C\000o\000m\000p\000a\000r\000i\000s\000o\000n\000\040\000C\000r\000i\000t\000e\000r\000i\000a}{section.3.2}% 41
\BOOKMARK [1][-]{section.3.3}{\376\377\000M\000u\000l\000t\000i\000-\000E\000n\000v\000i\000r\000o\000n\000m\000e\000n\000t\000\040\000S\000y\000n\000c\000h\000r\000o\000n\000i\000s\000a\000t\000i\000o\000n\000\040\000S\000t\000r\000a\000t\000e\000g\000y}{chapter.3}% 42
\BOOKMARK [2][-]{subsection.3.3.1}{\376\377\000D\000e\000s\000i\000g\000n\000\040\000R\000a\000t\000i\000o\000n\000a\000l\000e\000\040\000a\000n\000d\000\040\000S\000c\000o\000p\000e}{section.3.3}% 43
\BOOKMARK [2][-]{subsection.3.3.2}{\376\377\000S\000h\000a\000r\000e\000-\000B\000a\000s\000e\000d\000\040\000S\000y\000n\000c\000h\000r\000o\000n\000i\000s\000a\000t\000i\000o\000n\000\040\000A\000r\000c\000h\000i\000t\000e\000c\000t\000u\000r\000e}{section.3.3}% 44
\BOOKMARK [2][-]{subsection.3.3.3}{\376\377\000S\000y\000n\000c\000h\000r\000o\000n\000i\000s\000a\000t\000i\000o\000n\000\040\000M\000e\000c\000h\000a\000n\000i\000s\000m}{section.3.3}% 45
\BOOKMARK [2][-]{subsection.3.3.4}{\376\377\000I\000d\000e\000m\000p\000o\000t\000e\000n\000c\000y\000\040\000a\000n\000d\000\040\000S\000a\000f\000e\000t\000y\000\040\000P\000r\000o\000p\000e\000r\000t\000i\000e\000s}{section.3.3}% 46
\BOOKMARK [0][-]{chapter.4}{\376\377\000I\000m\000p\000l\000e\000m\000e\000n\000t\000a\000t\000i\000o\000n}{}% 47
\BOOKMARK [1][-]{section.4.1}{\376\377\000I\000m\000p\000l\000e\000m\000e\000n\000t\000a\000t\000i\000o\000n\000\040\000E\000n\000v\000i\000r\000o\000n\000m\000e\000n\000t\000\040\000a\000n\000d\000\040\000T\000o\000o\000l\000i\000n\000g}{chapter.4}% 48
\BOOKMARK [1][-]{section.4.2}{\376\377\000R\000e\000a\000l\000i\000s\000a\000t\000i\000o\000n\000\040\000o\000f\000\040\000t\000h\000e\000\040\000A\000u\000d\000i\000t\000\040\000a\000n\000d\000\040\000C\000o\000m\000p\000a\000r\000i\000s\000o\000n\000\040\000T\000o\000o\000l}{chapter.4}% 49
\BOOKMARK [2][-]{subsection.4.2.1}{\376\377\000C\000o\000n\000n\000e\000c\000t\000i\000o\000n\000\040\000G\000a\000t\000e}{section.4.2}% 50
\BOOKMARK [2][-]{subsection.4.2.2}{\376\377\000C\000o\000n\000f\000i\000g\000u\000r\000i\000n\000g\000\040\000a\000n\000d\000\040\000L\000a\000u\000n\000c\000h\000i\000n\000g\000\040\000a\000\040\000C\000o\000m\000p\000a\000r\000i\000s\000o\000n}{section.4.2}% 51
\BOOKMARK [2][-]{subsection.4.2.3}{\376\377\000C\000o\000m\000p\000a\000r\000i\000s\000o\000n\000\040\000R\000e\000s\000u\000l\000t\000s\000\040\000a\000n\000d\000\040\000S\000c\000o\000r\000e\000c\000a\000r\000d}{section.4.2}% 52
\BOOKMARK [2][-]{subsection.4.2.4}{\376\377\000C\000o\000m\000p\000a\000r\000i\000s\000o\000n\000\040\000H\000i\000s\000t\000o\000r\000y}{section.4.2}% 53
\BOOKMARK [1][-]{section.4.3}{\376\377\000V\000e\000r\000s\000i\000o\000n\000\040\000C\000o\000n\000t\000r\000o\000l\000\040\000a\000n\000d\000\040\000t\000h\000e\000\040\000C\000I\000/\000C\000D\000\040\000P\000i\000p\000e\000l\000i\000n\000e}{chapter.4}% 54
\BOOKMARK [2][-]{subsection.4.3.1}{\376\377\000R\000e\000p\000o\000s\000i\000t\000o\000r\000y\000\040\000a\000n\000d\000\040\000B\000r\000a\000n\000c\000h\000i\000n\000g\000\040\000M\000o\000d\000e\000l}{section.4.3}% 55
\BOOKMARK [2][-]{subsection.4.3.2}{\376\377\000T\000h\000e\000\040\000E\000n\000d\000-\000t\000o\000-\000E\000n\000d\000\040\000D\000e\000p\000l\000o\000y\000m\000e\000n\000t\000\040\000W\000o\000r\000k\000f\000l\000o\000w}{section.4.3}% 56
\BOOKMARK [2][-]{subsection.4.3.3}{\376\377\000G\000i\000t\000H\000u\000b\000\040\000A\000c\000t\000i\000o\000n\000s\000\040\000i\000n\000\040\000O\000p\000e\000r\000a\000t\000i\000o\000n}{section.4.3}% 57
\BOOKMARK [1][-]{section.4.4}{\376\377\000D\000e\000p\000l\000o\000y\000m\000e\000n\000t\000\040\000o\000f\000\040\000t\000h\000e\000\040\000S\000y\000n\000c\000h\000r\000o\000n\000i\000s\000a\000t\000i\000o\000n\000\040\000S\000o\000l\000u\000t\000i\000o\000n}{chapter.4}% 58
\BOOKMARK [2][-]{subsection.4.4.1}{\376\377\000S\000e\000c\000u\000r\000e\000\040\000D\000a\000t\000a\000\040\000S\000h\000a\000r\000e\000s}{section.4.4}% 59
\BOOKMARK [2][-]{subsection.4.4.2}{\376\377\000T\000h\000e\000\040\000S\000y\000n\000c\000h\000r\000o\000n\000i\000s\000a\000t\000i\000o\000n\000\040\000P\000r\000o\000c\000e\000d\000u\000r\000e\000\040\000i\000n\000\040\000O\000p\000e\000r\000a\000t\000i\000o\000n}{section.4.4}% 60
\BOOKMARK [2][-]{subsection.4.4.3}{\376\377\000D\000a\000i\000l\000y\000\040\000S\000c\000h\000e\000d\000u\000l\000i\000n\000g}{section.4.4}% 61
\BOOKMARK [0][-]{chapter.5}{\376\377\000R\000e\000s\000u\000l\000t\000s\000\040\000a\000n\000d\000\040\000E\000v\000a\000l\000u\000a\000t\000i\000o\000n}{}% 62
\BOOKMARK [1][-]{section.5.1}{\376\377\000E\000v\000a\000l\000u\000a\000t\000i\000o\000n\000\040\000M\000e\000t\000h\000o\000d\000o\000l\000o\000g\000y}{chapter.5}% 63
\BOOKMARK [1][-]{section.5.2}{\376\377\000A\000u\000d\000i\000t\000\040\000R\000e\000s\000u\000l\000t\000s\000:\000\040\000Q\000u\000a\000n\000t\000i\000f\000y\000i\000n\000g\000\040\000t\000h\000e\000\040\000I\000n\000i\000t\000i\000a\000l\000\040\000D\000r\000i\000f\000t}{chapter.5}% 64
\BOOKMARK [1][-]{section.5.3}{\376\377\000S\000y\000n\000c\000h\000r\000o\000n\000i\000s\000a\000t\000i\000o\000n\000\040\000R\000e\000s\000u\000l\000t\000s\000:\000\040\000P\000o\000s\000t\000-\000A\000l\000i\000g\000n\000m\000e\000n\000t\000\040\000S\000t\000a\000t\000e}{chapter.5}% 65
\BOOKMARK [1][-]{section.5.4}{\376\377\000C\000I\000/\000C\000D\000\040\000P\000i\000p\000e\000l\000i\000n\000e\000\040\000R\000e\000s\000u\000l\000t\000s}{chapter.5}% 66
\BOOKMARK [1][-]{section.5.5}{\376\377\000E\000v\000a\000l\000u\000a\000t\000i\000o\000n\000\040\000A\000g\000a\000i\000n\000s\000t\000\040\000P\000r\000o\000j\000e\000c\000t\000\040\000O\000b\000j\000e\000c\000t\000i\000v\000e\000s}{chapter.5}% 67
\BOOKMARK [1][-]{section.5.6}{\376\377\000D\000i\000s\000c\000u\000s\000s\000i\000o\000n}{chapter.5}% 68
\BOOKMARK [1][-]{section.5.7}{\376\377\000L\000i\000m\000i\000t\000a\000t\000i\000o\000n\000s}{chapter.5}% 69
\BOOKMARK [0][-]{chapter*.82}{\376\377\000G\000e\000n\000e\000r\000a\000l\000\040\000C\000o\000n\000c\000l\000u\000s\000i\000o\000n\000\040\000a\000n\000d\000\040\000P\000e\000r\000s\000p\000e\000c\000t\000i\000v\000e\000s}{}% 70
\BOOKMARK [0][-]{chapter*.82}{\376\377\000B\000i\000b\000l\000i\000o\000g\000r\000a\000p\000h\000y}{}% 71
\BOOKMARK [0][-]{chapter.A}{\376\377\000E\000n\000v\000i\000r\000o\000n\000m\000e\000n\000t\000\040\000A\000u\000d\000i\000t\000\040\000C\000h\000e\000c\000k\000l\000i\000s\000t}{}% 72
\BOOKMARK [0][-]{chapter.B}{\376\377\000G\000l\000o\000s\000s\000a\000r\000y\000\040\000o\000f\000\040\000T\000e\000c\000h\000n\000i\000c\000a\000l\000\040\000T\000e\000r\000m\000s}{}% 73
