This is pdfTeX, Version 3.141592653-2.6-1.40.29 (MiKTeX 26.2) (preloaded format=pdflatex 2026.5.5)  26 JUN 2026 17:23
entering extended mode
 restricted \write18 enabled.
 %&-line parsing enabled.
**./main.tex
(main.tex
LaTeX2e <2025-11-01>
L3 programming layer <2026-03-20>

(C:\Users\MouadMoulayRachid\AppData\Local\Programs\MiKTeX\tex/latex/base\report
.cls
Document Class: report 2025/01/22 v1.4n Standard LaTeX document class

(C:\Users\MouadMoulayRachid\AppData\Local\Programs\MiKTeX\tex/latex/base\size12
.clo
File: size12.clo 2025/01/22 v1.4n Standard LaTeX file (size option)
)
\c@part=\count275
\c@chapter=\count276
\c@section=\count277
\c@subsection=\count278
\c@subsubsection=\count279
\c@paragraph=\count280
\c@subparagraph=\count281
\c@figure=\count282
\c@table=\count283
\abovecaptionskip=\skip49
\belowcaptionskip=\skip50
\bibindent=\dimen150
)
(C:\Users\MouadMoulayRachid\AppData\Local\Programs\MiKTeX\tex/latex/base\inpute
nc.sty
Package: inputenc 2024/02/08 v1.3d Input encoding file
\inpenc@prehook=\toks17
\inpenc@posthook=\toks18
)
(C:\Users\MouadMoulayRachid\AppData\Local\Programs\MiKTeX\tex/latex/base\fonten
c.sty
Package: fontenc 2025/07/18 v2.1d Standard LaTeX package
)
(C:\Users\MouadMoulayRachid\AppData\Local\Programs\MiKTeX\tex/generic/babel\bab
el.sty
Package: babel 2026/04/15 v26.6 The multilingual framework for LuaLaTeX, pdfLaT
eX and XeLaTeX
\babel@savecnt=\count284
LaTeX Encoding Info:    Redeclaring text command \ij (encoding OT1) on input li
ne 2078.
LaTeX Encoding Info:    Redeclaring text command \IJ (encoding OT1) on input li
ne 2080.
LaTeX Encoding Info:    Redeclaring text command \ij (encoding T1) on input lin
e 2082.
LaTeX Encoding Info:    Redeclaring text command \IJ (encoding T1) on input lin
e 2083.
LaTeX Encoding Info:    Ignoring declaration for text command \ij (encoding ?) 
on input line 2084.
LaTeX Encoding Info:    Ignoring declaration for text command \IJ (encoding ?) 
on input line 2086.
LaTeX Encoding Info:    Ignoring declaration for text command \SS (encoding ?) 
on input line 2111.
\U@D=\dimen151
\l@unhyphenated=\language79

(C:\Users\MouadMoulayRachid\AppData\Local\Programs\MiKTeX\tex/generic/babel\txt
babel.def)
\bbl@readstream=\read2
\bbl@dirlevel=\count285
Package babel Info: Configuration files are deprecated, as
(babel)             they can break document portability.
(babel)             Reported on input line 4206.

*************************************
* Local config file bblopts.cfg used
*

(C:\Users\MouadMoulayRachid\AppData\Local\Programs\MiKTeX\tex/latex/arabi\bblop
ts.cfg
File: bblopts.cfg 2005/09/08 v0.1 add Arabic and Farsi to "declared" options of
 babel
)
(C:\Users\MouadMoulayRachid\AppData\Local\Programs\MiKTeX\tex/generic/babel/loc
ale/en\babel-english.tex)
Package babel Info: Importing font and identification data for english
(babel)             from babel-en.ini. Reported on input line 4330.

(C:\Users\MouadMoulayRachid\AppData\Local\Programs\MiKTeX\tex/latex/babel-engli
sh\english.ldf
Language: english 2017/06/06 v3.3r English support from the babel system
Package babel Info: Hyphen rules for 'canadian' set to \l@english
(babel)             (\language0). Reported on input line 102.
Package babel Info: Hyphen rules for 'australian' set to \l@ukenglish
(babel)             (\language73). Reported on input line 105.
Package babel Info: Hyphen rules for 'newzealand' set to \l@ukenglish
(babel)             (\language73). Reported on input line 108.
))
(C:\Users\MouadMoulayRachid\AppData\Local\Programs\MiKTeX\tex/latex/geometry\ge
ometry.sty
Package: geometry 2026/03/07 v6.0 Page Geometry

(C:\Users\MouadMoulayRachid\AppData\Local\Programs\MiKTeX\tex/latex/graphics\ke
yval.sty
Package: keyval 2022/05/29 v1.15 key=value parser (DPC)
\KV@toks@=\toks19
)
(C:\Users\MouadMoulayRachid\AppData\Local\Programs\MiKTeX\tex/generic/iftex\ifv
tex.sty
Package: ifvtex 2019/10/25 v1.7 ifvtex legacy package. Use iftex instead.

(C:\Users\MouadMoulayRachid\AppData\Local\Programs\MiKTeX\tex/generic/iftex\ift
ex.sty
Package: iftex 2024/12/12 v1.0g TeX engine tests
))
\Gm@cnth=\count286
\Gm@cntv=\count287
\c@Gm@tempcnt=\count288
\Gm@bindingoffset=\dimen152
\Gm@wd@mp=\dimen153
\Gm@odd@mp=\dimen154
\Gm@even@mp=\dimen155
\Gm@layoutwidth=\dimen156
\Gm@layoutheight=\dimen157
\Gm@layouthoffset=\dimen158
\Gm@layoutvoffset=\dimen159
\Gm@dimlist=\toks20

(C:\Users\MouadMoulayRachid\AppData\Local\Programs\MiKTeX\tex/latex/geometry\ge
ometry.cfg))
(C:\Users\MouadMoulayRachid\AppData\Local\Programs\MiKTeX\tex/latex/lm\lmodern.
sty
Package: lmodern 2015/05/01 v1.6.1 Latin Modern Fonts
LaTeX Font Info:    Overwriting symbol font `operators' in version `normal'
(Font)                  OT1/cmr/m/n --> OT1/lmr/m/n on input line 22.
LaTeX Font Info:    Overwriting symbol font `letters' in version `normal'
(Font)                  OML/cmm/m/it --> OML/lmm/m/it on input line 23.
LaTeX Font Info:    Overwriting symbol font `symbols' in version `normal'
(Font)                  OMS/cmsy/m/n --> OMS/lmsy/m/n on input line 24.
LaTeX Font Info:    Overwriting symbol font `largesymbols' in version `normal'
(Font)                  OMX/cmex/m/n --> OMX/lmex/m/n on input line 25.
LaTeX Font Info:    Overwriting symbol font `operators' in version `bold'
(Font)                  OT1/cmr/bx/n --> OT1/lmr/bx/n on input line 26.
LaTeX Font Info:    Overwriting symbol font `letters' in version `bold'
(Font)                  OML/cmm/b/it --> OML/lmm/b/it on input line 27.
LaTeX Font Info:    Overwriting symbol font `symbols' in version `bold'
(Font)                  OMS/cmsy/b/n --> OMS/lmsy/b/n on input line 28.
LaTeX Font Info:    Overwriting symbol font `largesymbols' in version `bold'
(Font)                  OMX/cmex/m/n --> OMX/lmex/m/n on input line 29.
LaTeX Font Info:    Overwriting math alphabet `\mathbf' in version `normal'
(Font)                  OT1/cmr/bx/n --> OT1/lmr/bx/n on input line 31.
LaTeX Font Info:    Overwriting math alphabet `\mathsf' in version `normal'
(Font)                  OT1/cmss/m/n --> OT1/lmss/m/n on input line 32.
LaTeX Font Info:    Overwriting math alphabet `\mathit' in version `normal'
(Font)                  OT1/cmr/m/it --> OT1/lmr/m/it on input line 33.
LaTeX Font Info:    Overwriting math alphabet `\mathtt' in version `normal'
(Font)                  OT1/cmtt/m/n --> OT1/lmtt/m/n on input line 34.
LaTeX Font Info:    Overwriting math alphabet `\mathbf' in version `bold'
(Font)                  OT1/cmr/bx/n --> OT1/lmr/bx/n on input line 35.
LaTeX Font Info:    Overwriting math alphabet `\mathsf' in version `bold'
(Font)                  OT1/cmss/bx/n --> OT1/lmss/bx/n on input line 36.
LaTeX Font Info:    Overwriting math alphabet `\mathit' in version `bold'
(Font)                  OT1/cmr/bx/it --> OT1/lmr/bx/it on input line 37.
LaTeX Font Info:    Overwriting math alphabet `\mathtt' in version `bold'
(Font)                  OT1/cmtt/m/n --> OT1/lmtt/m/n on input line 38.
)
(C:\Users\MouadMoulayRachid\AppData\Local\Programs\MiKTeX\tex/latex/microtype\m
icrotype.sty
Package: microtype 2026/03/01 v3.2d Micro-typographical refinements (RS)

(C:\Users\MouadMoulayRachid\AppData\Local\Programs\MiKTeX\tex/latex/etoolbox\et
oolbox.sty
Package: etoolbox 2025/10/02 v2.5m e-TeX tools for LaTeX (JAW)
\etb@tempcnta=\count289
)
\MT@toks=\toks21
\MT@tempbox=\box53
\MT@count=\count290
LaTeX Info: Redefining \noprotrusionifhmode on input line 1084.
LaTeX Info: Redefining \leftprotrusion on input line 1085.
\MT@prot@toks=\toks22
LaTeX Info: Redefining \rightprotrusion on input line 1104.
LaTeX Info: Redefining \textls on input line 1449.
\MT@outer@kern=\dimen160
LaTeX Info: Redefining \microtypecontext on input line 2053.
LaTeX Info: Redefining \textmicrotypecontext on input line 2070.
\MT@listname@count=\count291

(C:\Users\MouadMoulayRachid\AppData\Local\Programs\MiKTeX\tex/latex/microtype\m
icrotype-pdftex.def
File: microtype-pdftex.def 2026/03/01 v3.2d Definitions specific to pdftex (RS)

LaTeX Info: Redefining \lsstyle on input line 944.
LaTeX Info: Redefining \lslig on input line 944.
\MT@outer@space=\skip51
)
Package microtype Info: Loading configuration file microtype.cfg.

(C:\Users\MouadMoulayRachid\AppData\Local\Programs\MiKTeX\tex/latex/microtype\m
icrotype.cfg
File: microtype.cfg 2026/03/01 v3.2d microtype main configuration file (RS)
)
LaTeX Info: Redefining \microtypesetup on input line 3065.
)
(C:\Users\MouadMoulayRachid\AppData\Local\Programs\MiKTeX\tex/latex/setspace\se
tspace.sty
Package: setspace 2022/12/04 v6.7b set line spacing
)
(C:\Users\MouadMoulayRachid\AppData\Local\Programs\MiKTeX\tex/latex/graphics\gr
aphicx.sty
Package: graphicx 2024/12/31 v1.2e Enhanced LaTeX Graphics (DPC,SPQR)

(C:\Users\MouadMoulayRachid\AppData\Local\Programs\MiKTeX\tex/latex/graphics\gr
aphics.sty
Package: graphics 2024/08/06 v1.4g Standard LaTeX Graphics (DPC,SPQR)

(C:\Users\MouadMoulayRachid\AppData\Local\Programs\MiKTeX\tex/latex/graphics\tr
ig.sty
Package: trig 2023/12/02 v1.11 sin cos tan (DPC)
)
(C:\Users\MouadMoulayRachid\AppData\Local\Programs\MiKTeX\tex/latex/graphics-cf
g\graphics.cfg
File: graphics.cfg 2016/06/04 v1.11 sample graphics configuration
)
Package graphics Info: Driver file: pdftex.def on input line 106.

(C:\Users\MouadMoulayRachid\AppData\Local\Programs\MiKTeX\tex/latex/graphics-de
f\pdftex.def
File: pdftex.def 2025/09/29 v1.2d Graphics/color driver for pdftex
))
\Gin@req@height=\dimen161
\Gin@req@width=\dimen162
)
(C:\Users\MouadMoulayRachid\AppData\Local\Programs\MiKTeX\tex/latex/xcolor\xcol
or.sty
Package: xcolor 2024/09/29 v3.02 LaTeX color extensions (UK)

(C:\Users\MouadMoulayRachid\AppData\Local\Programs\MiKTeX\tex/latex/graphics-cf
g\color.cfg
File: color.cfg 2016/01/02 v1.6 sample color configuration
)
Package xcolor Info: Driver file: pdftex.def on input line 274.

(C:\Users\MouadMoulayRachid\AppData\Local\Programs\MiKTeX\tex/latex/graphics\ma
thcolor.ltx)
Package xcolor Info: Model `cmy' substituted by `cmy0' on input line 1349.
Package xcolor Info: Model `hsb' substituted by `rgb' on input line 1353.
Package xcolor Info: Model `RGB' extended on input line 1365.
Package xcolor Info: Model `HTML' substituted by `rgb' on input line 1367.
Package xcolor Info: Model `Hsb' substituted by `hsb' on input line 1368.
Package xcolor Info: Model `tHsb' substituted by `hsb' on input line 1369.
Package xcolor Info: Model `HSB' substituted by `hsb' on input line 1370.
Package xcolor Info: Model `Gray' substituted by `gray' on input line 1371.
Package xcolor Info: Model `wave' substituted by `hsb' on input line 1372.
)
(C:\Users\MouadMoulayRachid\AppData\Local\Programs\MiKTeX\tex/latex/colortbl\co
lortbl.sty
Package: colortbl 2024/10/29 v1.0k Color table columns (DPC)

(C:\Users\MouadMoulayRachid\AppData\Local\Programs\MiKTeX\tex/latex/tools\array
.sty
Package: array 2025/09/25 v2.6n Tabular extension package (FMi)
\col@sep=\dimen163
\ar@mcellbox=\box54
\extrarowheight=\dimen164
\NC@list=\toks23
\extratabsurround=\skip52
\backup@length=\skip53
\ar@cellbox=\box55
)
\everycr=\toks24
\minrowclearance=\skip54
\rownum=\count292
)
(C:\Users\MouadMoulayRachid\AppData\Local\Programs\MiKTeX\tex/latex/graphics\dv
ipsnam.def
File: dvipsnam.def 2016/06/17 v3.0m Driver-dependent file (DPC,SPQR)
)
(C:\Users\MouadMoulayRachid\AppData\Local\Programs\MiKTeX\tex/latex/tools\tabul
arx.sty
Package: tabularx 2023/12/11 v2.12a `tabularx' package (DPC)
\TX@col@width=\dimen165
\TX@old@table=\dimen166
\TX@old@col=\dimen167
\TX@target=\dimen168
\TX@delta=\dimen169
\TX@cols=\count293
\TX@ftn=\toks25
)
(C:\Users\MouadMoulayRachid\AppData\Local\Programs\MiKTeX\tex/latex/tools\longt
able.sty
Package: longtable 2025-10-13 v4.24 Multi-page Table package (DPC)
\LTleft=\skip55
\LTright=\skip56
\LTpre=\skip57
\LTpost=\skip58
\LTchunksize=\count294
\LTcapwidth=\dimen170
\LT@head=\box56
\LT@firsthead=\box57
\LT@foot=\box58
\LT@lastfoot=\box59
\LT@gbox=\box60
\LT@cols=\count295
\LT@rows=\count296
\c@LT@tables=\count297
\c@LT@chunks=\count298
\LT@p@ftn=\toks26
)
(C:\Users\MouadMoulayRachid\AppData\Local\Programs\MiKTeX\tex/latex/multirow\mu
ltirow.sty
Package: multirow 2024/11/12 v2.9 Span multiple rows of a table
\multirow@colwidth=\skip59
\multirow@cntb=\count299
\multirow@dima=\skip60
\bigstrutjot=\dimen171
)
(C:\Users\MouadMoulayRachid\AppData\Local\Programs\MiKTeX\tex/latex/booktabs\bo
oktabs.sty
Package: booktabs 2020/01/12 v1.61803398 Publication quality tables
\heavyrulewidth=\dimen172
\lightrulewidth=\dimen173
\cmidrulewidth=\dimen174
\belowrulesep=\dimen175
\belowbottomsep=\dimen176
\aboverulesep=\dimen177
\abovetopsep=\dimen178
\cmidrulesep=\dimen179
\cmidrulekern=\dimen180
\defaultaddspace=\dimen181
\@cmidla=\count300
\@cmidlb=\count301
\@aboverulesep=\dimen182
\@belowrulesep=\dimen183
\@thisruleclass=\count302
\@lastruleclass=\count303
\@thisrulewidth=\dimen184
)
(C:\Users\MouadMoulayRachid\AppData\Local\Programs\MiKTeX\tex/latex/float\float
.sty
Package: float 2001/11/08 v1.3d Float enhancements (AL)
\c@float@type=\count304
\float@exts=\toks27
\float@box=\box61
\@float@everytoks=\toks28
\@floatcapt=\box62
)
(C:\Users\MouadMoulayRachid\AppData\Local\Programs\MiKTeX\tex/latex/caption\cap
tion.sty
Package: caption 2023/08/05 v3.6o Customizing captions (AR)

(C:\Users\MouadMoulayRachid\AppData\Local\Programs\MiKTeX\tex/latex/caption\cap
tion3.sty
Package: caption3 2023/07/31 v2.4d caption3 kernel (AR)
\caption@tempdima=\dimen185
\captionmargin=\dimen186
\caption@leftmargin=\dimen187
\caption@rightmargin=\dimen188
\caption@width=\dimen189
\caption@indent=\dimen190
\caption@parindent=\dimen191
\caption@hangindent=\dimen192
Package caption Info: Standard document class detected.
)
\c@caption@flags=\count305
\c@continuedfloat=\count306
Package caption Info: float package is loaded.
Package caption Info: longtable package is loaded.

(C:\Users\MouadMoulayRachid\AppData\Local\Programs\MiKTeX\tex/latex/caption\ltc
aption.sty
Package: ltcaption 2021/01/08 v1.4c longtable captions (AR)
))
(C:\Users\MouadMoulayRachid\AppData\Local\Programs\MiKTeX\tex/latex/caption\sub
caption.sty
Package: subcaption 2023/07/28 v1.6b Sub-captions (AR)
Package caption Info: New subtype `subfigure' on input line 238.
\c@subfigure=\count307
Package caption Info: New subtype `subtable' on input line 238.
\c@subtable=\count308
)
(C:\Users\MouadMoulayRachid\AppData\Local\Programs\MiKTeX\tex/latex/enumitem\en
umitem.sty
Package: enumitem 2025/02/06 v3.11 Customized lists
\labelindent=\skip61
\enit@outerparindent=\dimen193
\enit@toks=\toks29
\enit@inbox=\box63
\enit@count@id=\count309
\enitdp@description=\count310
)
(C:\Users\MouadMoulayRachid\AppData\Local\Programs\MiKTeX\tex/latex/amsmath\ams
math.sty
Package: amsmath 2025/07/09 v2.17z AMS math features
\@mathmargin=\skip62

For additional information on amsmath, use the `?' option.

(C:\Users\MouadMoulayRachid\AppData\Local\Programs\MiKTeX\tex/latex/amsmath\ams
text.sty
Package: amstext 2024/11/17 v2.01 AMS text

(C:\Users\MouadMoulayRachid\AppData\Local\Programs\MiKTeX\tex/latex/amsmath\ams
gen.sty
File: amsgen.sty 1999/11/30 v2.0 generic functions
\@emptytoks=\toks30
\ex@=\dimen194
))
(C:\Users\MouadMoulayRachid\AppData\Local\Programs\MiKTeX\tex/latex/amsmath\ams
bsy.sty
Package: amsbsy 1999/11/29 v1.2d Bold Symbols
\pmbraise@=\dimen195
)
(C:\Users\MouadMoulayRachid\AppData\Local\Programs\MiKTeX\tex/latex/amsmath\ams
opn.sty
Package: amsopn 2022/04/08 v2.04 operator names
)
\inf@bad=\count311
LaTeX Info: Redefining \frac on input line 233.
\uproot@=\count312
\leftroot@=\count313
LaTeX Info: Redefining \overline on input line 398.
LaTeX Info: Redefining \colon on input line 409.
\classnum@=\count314
\DOTSCASE@=\count315
LaTeX Info: Redefining \ldots on input line 495.
LaTeX Info: Redefining \dots on input line 498.
LaTeX Info: Redefining \cdots on input line 619.
\Mathstrutbox@=\box64
\strutbox@=\box65
LaTeX Info: Redefining \big on input line 721.
LaTeX Info: Redefining \Big on input line 722.
LaTeX Info: Redefining \bigg on input line 723.
LaTeX Info: Redefining \Bigg on input line 724.
\big@size=\dimen196
LaTeX Font Info:    Redeclaring font encoding OML on input line 742.
LaTeX Font Info:    Redeclaring font encoding OMS on input line 743.
\macc@depth=\count316
LaTeX Info: Redefining \bmod on input line 904.
LaTeX Info: Redefining \pmod on input line 909.
LaTeX Info: Redefining \smash on input line 939.
LaTeX Info: Redefining \relbar on input line 969.
LaTeX Info: Redefining \Relbar on input line 970.
\c@MaxMatrixCols=\count317
\dotsspace@=\muskip17
\c@parentequation=\count318
\dspbrk@lvl=\count319
\tag@help=\toks31
\row@=\count320
\column@=\count321
\maxfields@=\count322
\andhelp@=\toks32
\eqnshift@=\dimen197
\alignsep@=\dimen198
\tagshift@=\dimen199
\tagwidth@=\dimen256
\totwidth@=\dimen257
\lineht@=\dimen258
\@envbody=\toks33
\multlinegap=\skip63
\multlinetaggap=\skip64
\mathdisplay@stack=\toks34
LaTeX Info: Redefining \[ on input line 2950.
LaTeX Info: Redefining \] on input line 2951.
)
(C:\Users\MouadMoulayRachid\AppData\Local\Programs\MiKTeX\tex/latex/amsfonts\am
ssymb.sty
Package: amssymb 2013/01/14 v3.01 AMS font symbols

(C:\Users\MouadMoulayRachid\AppData\Local\Programs\MiKTeX\tex/latex/amsfonts\am
sfonts.sty
Package: amsfonts 2013/01/14 v3.01 Basic AMSFonts support
\symAMSa=\mathgroup4
\symAMSb=\mathgroup5
LaTeX Font Info:    Redeclaring math symbol \hbar on input line 98.
LaTeX Font Info:    Overwriting math alphabet `\mathfrak' in version `bold'
(Font)                  U/euf/m/n --> U/euf/b/n on input line 106.
))
(C:\Users\MouadMoulayRachid\AppData\Local\Programs\MiKTeX\tex/latex/listings\li
stings.sty
\lst@mode=\count323
\lst@gtempboxa=\box66
\lst@token=\toks35
\lst@length=\count324
\lst@currlwidth=\dimen259
\lst@column=\count325
\lst@pos=\count326
\lst@lostspace=\dimen260
\lst@width=\dimen261
\lst@newlines=\count327
\lst@lineno=\count328
\lst@maxwidth=\dimen262

(C:\Users\MouadMoulayRachid\AppData\Local\Programs\MiKTeX\tex/latex/listings\ls
tpatch.sty
File: lstpatch.sty 2025/11/14 1.11b (Carsten Heinz)
)
(C:\Users\MouadMoulayRachid\AppData\Local\Programs\MiKTeX\tex/latex/listings\ls
tmisc.sty
File: lstmisc.sty 2025/11/14 1.11b (Carsten Heinz)
\c@lstnumber=\count329
\lst@skipnumbers=\count330
\lst@framebox=\box67
)
(C:\Users\MouadMoulayRachid\AppData\Local\Programs\MiKTeX\tex/latex/listings\li
stings.cfg
File: listings.cfg 2025/11/14 1.11b listings configuration
))
Package: listings 2025/11/14 1.11b (Carsten Heinz)

==> First Aid for listings.sty no longer applied!
    Expected:
        2024/09/23 1.10c (Carsten Heinz)
    but found:
        2025/11/14 1.11b (Carsten Heinz)
    so I'm assuming it got fixed.

(C:\Users\MouadMoulayRachid\AppData\Local\Programs\MiKTeX\tex/latex/pgfgantt\pg
fgantt.sty
Package: pgfgantt 2024/06/19 v5.0a Draw Gantt diagrams with TikZ

(C:\Users\MouadMoulayRachid\AppData\Local\Programs\MiKTeX\tex/latex/pgf/fronten
dlayer\tikz.sty
(C:\Users\MouadMoulayRachid\AppData\Local\Programs\MiKTeX\tex/latex/pgf/basicla
yer\pgf.sty
(C:\Users\MouadMoulayRachid\AppData\Local\Programs\MiKTeX\tex/latex/pgf/utiliti
es\pgfrcs.sty
(C:\Users\MouadMoulayRachid\AppData\Local\Programs\MiKTeX\tex/generic/pgf/utili
ties\pgfutil-common.tex
\pgfutil@everybye=\toks36
\pgfutil@tempdima=\dimen263
\pgfutil@tempdimb=\dimen264
)
(C:\Users\MouadMoulayRachid\AppData\Local\Programs\MiKTeX\tex/generic/pgf/utili
ties\pgfutil-latex.def
\pgfutil@abb=\box68
)
(C:\Users\MouadMoulayRachid\AppData\Local\Programs\MiKTeX\tex/generic/pgf/utili
ties\pgfrcs.code.tex
(C:\Users\MouadMoulayRachid\AppData\Local\Programs\MiKTeX\tex/generic/pgf\pgf.r
evision.tex)
Package: pgfrcs 2025-08-29 v3.1.11a (3.1.11a)
))
Package: pgf 2025-08-29 v3.1.11a (3.1.11a)

(C:\Users\MouadMoulayRachid\AppData\Local\Programs\MiKTeX\tex/latex/pgf/basicla
yer\pgfcore.sty
(C:\Users\MouadMoulayRachid\AppData\Local\Programs\MiKTeX\tex/latex/pgf/systeml
ayer\pgfsys.sty
(C:\Users\MouadMoulayRachid\AppData\Local\Programs\MiKTeX\tex/generic/pgf/syste
mlayer\pgfsys.code.tex
Package: pgfsys 2025-08-29 v3.1.11a (3.1.11a)

(C:\Users\MouadMoulayRachid\AppData\Local\Programs\MiKTeX\tex/generic/pgf/utili
ties\pgfkeys.code.tex
\pgfkeys@pathtoks=\toks37
\pgfkeys@temptoks=\toks38

(C:\Users\MouadMoulayRachid\AppData\Local\Programs\MiKTeX\tex/generic/pgf/utili
ties\pgfkeyslibraryfiltered.code.tex
\pgfkeys@tmptoks=\toks39
))
\pgf@x=\dimen265
\pgf@y=\dimen266
\pgf@xa=\dimen267
\pgf@ya=\dimen268
\pgf@xb=\dimen269
\pgf@yb=\dimen270
\pgf@xc=\dimen271
\pgf@yc=\dimen272
\pgf@xd=\dimen273
\pgf@yd=\dimen274
\w@pgf@writea=\write3
\r@pgf@reada=\read3
\c@pgf@counta=\count331
\c@pgf@countb=\count332
\c@pgf@countc=\count333
\c@pgf@countd=\count334
\t@pgf@toka=\toks40
\t@pgf@tokb=\toks41
\t@pgf@tokc=\toks42
\pgf@sys@id@count=\count335

(C:\Users\MouadMoulayRachid\AppData\Local\Programs\MiKTeX\tex/generic/pgf/syste
mlayer\pgf.cfg
File: pgf.cfg 2025-08-29 v3.1.11a (3.1.11a)
)
Driver file for pgf: pgfsys-pdftex.def

(C:\Users\MouadMoulayRachid\AppData\Local\Programs\MiKTeX\tex/generic/pgf/syste
mlayer\pgfsys-pdftex.def
File: pgfsys-pdftex.def 2025-08-29 v3.1.11a (3.1.11a)

(C:\Users\MouadMoulayRachid\AppData\Local\Programs\MiKTeX\tex/generic/pgf/syste
mlayer\pgfsys-common-pdf.def
File: pgfsys-common-pdf.def 2025-08-29 v3.1.11a (3.1.11a)
)))
(C:\Users\MouadMoulayRachid\AppData\Local\Programs\MiKTeX\tex/generic/pgf/syste
mlayer\pgfsyssoftpath.code.tex
File: pgfsyssoftpath.code.tex 2025-08-29 v3.1.11a (3.1.11a)
\pgfsyssoftpath@smallbuffer@items=\count336
\pgfsyssoftpath@bigbuffer@items=\count337
)
(C:\Users\MouadMoulayRachid\AppData\Local\Programs\MiKTeX\tex/generic/pgf/syste
mlayer\pgfsysprotocol.code.tex
File: pgfsysprotocol.code.tex 2025-08-29 v3.1.11a (3.1.11a)
))
(C:\Users\MouadMoulayRachid\AppData\Local\Programs\MiKTeX\tex/generic/pgf/basic
layer\pgfcore.code.tex
Package: pgfcore 2025-08-29 v3.1.11a (3.1.11a)

(C:\Users\MouadMoulayRachid\AppData\Local\Programs\MiKTeX\tex/generic/pgf/math\
pgfmath.code.tex
(C:\Users\MouadMoulayRachid\AppData\Local\Programs\MiKTeX\tex/generic/pgf/math\
pgfmathutil.code.tex)
(C:\Users\MouadMoulayRachid\AppData\Local\Programs\MiKTeX\tex/generic/pgf/math\
pgfmathparser.code.tex
\pgfmath@dimen=\dimen275
\pgfmath@count=\count338
\pgfmath@box=\box69
\pgfmath@toks=\toks43
\pgfmath@stack@operand=\toks44
\pgfmath@stack@operation=\toks45
)
(C:\Users\MouadMoulayRachid\AppData\Local\Programs\MiKTeX\tex/generic/pgf/math\
pgfmathfunctions.code.tex)
(C:\Users\MouadMoulayRachid\AppData\Local\Programs\MiKTeX\tex/generic/pgf/math\
pgfmathfunctions.basic.code.tex)
(C:\Users\MouadMoulayRachid\AppData\Local\Programs\MiKTeX\tex/generic/pgf/math\
pgfmathfunctions.trigonometric.code.tex)
(C:\Users\MouadMoulayRachid\AppData\Local\Programs\MiKTeX\tex/generic/pgf/math\
pgfmathfunctions.random.code.tex)
(C:\Users\MouadMoulayRachid\AppData\Local\Programs\MiKTeX\tex/generic/pgf/math\
pgfmathfunctions.comparison.code.tex)
(C:\Users\MouadMoulayRachid\AppData\Local\Programs\MiKTeX\tex/generic/pgf/math\
pgfmathfunctions.base.code.tex)
(C:\Users\MouadMoulayRachid\AppData\Local\Programs\MiKTeX\tex/generic/pgf/math\
pgfmathfunctions.round.code.tex)
(C:\Users\MouadMoulayRachid\AppData\Local\Programs\MiKTeX\tex/generic/pgf/math\
pgfmathfunctions.misc.code.tex)
(C:\Users\MouadMoulayRachid\AppData\Local\Programs\MiKTeX\tex/generic/pgf/math\
pgfmathfunctions.integerarithmetics.code.tex)
(C:\Users\MouadMoulayRachid\AppData\Local\Programs\MiKTeX\tex/generic/pgf/math\
pgfmathcalc.code.tex)
(C:\Users\MouadMoulayRachid\AppData\Local\Programs\MiKTeX\tex/generic/pgf/math\
pgfmathfloat.code.tex
\c@pgfmathroundto@lastzeros=\count339
))
(C:\Users\MouadMoulayRachid\AppData\Local\Programs\MiKTeX\tex/generic/pgf/math\
pgfint.code.tex)
(C:\Users\MouadMoulayRachid\AppData\Local\Programs\MiKTeX\tex/generic/pgf/basic
layer\pgfcorepoints.code.tex
File: pgfcorepoints.code.tex 2025-08-29 v3.1.11a (3.1.11a)
\pgf@picminx=\dimen276
\pgf@picmaxx=\dimen277
\pgf@picminy=\dimen278
\pgf@picmaxy=\dimen279
\pgf@pathminx=\dimen280
\pgf@pathmaxx=\dimen281
\pgf@pathminy=\dimen282
\pgf@pathmaxy=\dimen283
\pgf@xx=\dimen284
\pgf@xy=\dimen285
\pgf@yx=\dimen286
\pgf@yy=\dimen287
\pgf@zx=\dimen288
\pgf@zy=\dimen289
)
(C:\Users\MouadMoulayRachid\AppData\Local\Programs\MiKTeX\tex/generic/pgf/basic
layer\pgfcorepathconstruct.code.tex
File: pgfcorepathconstruct.code.tex 2025-08-29 v3.1.11a (3.1.11a)
\pgf@path@lastx=\dimen290
\pgf@path@lasty=\dimen291
)
(C:\Users\MouadMoulayRachid\AppData\Local\Programs\MiKTeX\tex/generic/pgf/basic
layer\pgfcorepathusage.code.tex
File: pgfcorepathusage.code.tex 2025-08-29 v3.1.11a (3.1.11a)
\pgf@shorten@end@additional=\dimen292
\pgf@shorten@start@additional=\dimen293
)
(C:\Users\MouadMoulayRachid\AppData\Local\Programs\MiKTeX\tex/generic/pgf/basic
layer\pgfcorescopes.code.tex
File: pgfcorescopes.code.tex 2025-08-29 v3.1.11a (3.1.11a)
\pgfpic=\box70
\pgf@hbox=\box71
\pgf@layerbox@main=\box72
\pgf@picture@serial@count=\count340
)
(C:\Users\MouadMoulayRachid\AppData\Local\Programs\MiKTeX\tex/generic/pgf/basic
layer\pgfcoregraphicstate.code.tex
File: pgfcoregraphicstate.code.tex 2025-08-29 v3.1.11a (3.1.11a)
\pgflinewidth=\dimen294
)
(C:\Users\MouadMoulayRachid\AppData\Local\Programs\MiKTeX\tex/generic/pgf/basic
layer\pgfcoretransformations.code.tex
File: pgfcoretransformations.code.tex 2025-08-29 v3.1.11a (3.1.11a)
\pgf@pt@x=\dimen295
\pgf@pt@y=\dimen296
\pgf@pt@temp=\dimen297
)
(C:\Users\MouadMoulayRachid\AppData\Local\Programs\MiKTeX\tex/generic/pgf/basic
layer\pgfcorequick.code.tex
File: pgfcorequick.code.tex 2025-08-29 v3.1.11a (3.1.11a)
)
(C:\Users\MouadMoulayRachid\AppData\Local\Programs\MiKTeX\tex/generic/pgf/basic
layer\pgfcoreobjects.code.tex
File: pgfcoreobjects.code.tex 2025-08-29 v3.1.11a (3.1.11a)
)
(C:\Users\MouadMoulayRachid\AppData\Local\Programs\MiKTeX\tex/generic/pgf/basic
layer\pgfcorepathprocessing.code.tex
File: pgfcorepathprocessing.code.tex 2025-08-29 v3.1.11a (3.1.11a)
)
(C:\Users\MouadMoulayRachid\AppData\Local\Programs\MiKTeX\tex/generic/pgf/basic
layer\pgfcorearrows.code.tex
File: pgfcorearrows.code.tex 2025-08-29 v3.1.11a (3.1.11a)
\pgfarrowsep=\dimen298
)
(C:\Users\MouadMoulayRachid\AppData\Local\Programs\MiKTeX\tex/generic/pgf/basic
layer\pgfcoreshade.code.tex
File: pgfcoreshade.code.tex 2025-08-29 v3.1.11a (3.1.11a)
\pgf@max=\dimen299
\pgf@sys@shading@range@num=\count341
\pgf@shadingcount=\count342
)
(C:\Users\MouadMoulayRachid\AppData\Local\Programs\MiKTeX\tex/generic/pgf/basic
layer\pgfcoreimage.code.tex
File: pgfcoreimage.code.tex 2025-08-29 v3.1.11a (3.1.11a)
)
(C:\Users\MouadMoulayRachid\AppData\Local\Programs\MiKTeX\tex/generic/pgf/basic
layer\pgfcoreexternal.code.tex
File: pgfcoreexternal.code.tex 2025-08-29 v3.1.11a (3.1.11a)
\pgfexternal@startupbox=\box73
)
(C:\Users\MouadMoulayRachid\AppData\Local\Programs\MiKTeX\tex/generic/pgf/basic
layer\pgfcorelayers.code.tex
File: pgfcorelayers.code.tex 2025-08-29 v3.1.11a (3.1.11a)
)
(C:\Users\MouadMoulayRachid\AppData\Local\Programs\MiKTeX\tex/generic/pgf/basic
layer\pgfcoretransparency.code.tex
File: pgfcoretransparency.code.tex 2025-08-29 v3.1.11a (3.1.11a)
)
(C:\Users\MouadMoulayRachid\AppData\Local\Programs\MiKTeX\tex/generic/pgf/basic
layer\pgfcorepatterns.code.tex
File: pgfcorepatterns.code.tex 2025-08-29 v3.1.11a (3.1.11a)
)
(C:\Users\MouadMoulayRachid\AppData\Local\Programs\MiKTeX\tex/generic/pgf/basic
layer\pgfcorerdf.code.tex
File: pgfcorerdf.code.tex 2025-08-29 v3.1.11a (3.1.11a)
)))
(C:\Users\MouadMoulayRachid\AppData\Local\Programs\MiKTeX\tex/generic/pgf/modul
es\pgfmoduleshapes.code.tex
File: pgfmoduleshapes.code.tex 2025-08-29 v3.1.11a (3.1.11a)
\pgfnodeparttextbox=\box74
)
(C:\Users\MouadMoulayRachid\AppData\Local\Programs\MiKTeX\tex/generic/pgf/modul
es\pgfmoduleplot.code.tex
File: pgfmoduleplot.code.tex 2025-08-29 v3.1.11a (3.1.11a)
)
(C:\Users\MouadMoulayRachid\AppData\Local\Programs\MiKTeX\tex/latex/pgf/compati
bility\pgfcomp-version-0-65.sty
Package: pgfcomp-version-0-65 2025-08-29 v3.1.11a (3.1.11a)
\pgf@nodesepstart=\dimen300
\pgf@nodesepend=\dimen301
)
(C:\Users\MouadMoulayRachid\AppData\Local\Programs\MiKTeX\tex/latex/pgf/compati
bility\pgfcomp-version-1-18.sty
Package: pgfcomp-version-1-18 2025-08-29 v3.1.11a (3.1.11a)
))
(C:\Users\MouadMoulayRachid\AppData\Local\Programs\MiKTeX\tex/latex/pgf/utiliti
es\pgffor.sty
(C:\Users\MouadMoulayRachid\AppData\Local\Programs\MiKTeX\tex/latex/pgf/utiliti
es\pgfkeys.sty
(C:\Users\MouadMoulayRachid\AppData\Local\Programs\MiKTeX\tex/generic/pgf/utili
ties\pgfkeys.code.tex))
(C:\Users\MouadMoulayRachid\AppData\Local\Programs\MiKTeX\tex/latex/pgf/math\pg
fmath.sty
(C:\Users\MouadMoulayRachid\AppData\Local\Programs\MiKTeX\tex/generic/pgf/math\
pgfmath.code.tex))
(C:\Users\MouadMoulayRachid\AppData\Local\Programs\MiKTeX\tex/generic/pgf/utili
ties\pgffor.code.tex
Package: pgffor 2025-08-29 v3.1.11a (3.1.11a)
\pgffor@iter=\dimen302
\pgffor@skip=\dimen303
\pgffor@stack=\toks46
\pgffor@toks=\toks47
))
(C:\Users\MouadMoulayRachid\AppData\Local\Programs\MiKTeX\tex/generic/pgf/front
endlayer/tikz\tikz.code.tex
Package: tikz 2025-08-29 v3.1.11a (3.1.11a)

(C:\Users\MouadMoulayRachid\AppData\Local\Programs\MiKTeX\tex/generic/pgf/libra
ries\pgflibraryplothandlers.code.tex
File: pgflibraryplothandlers.code.tex 2025-08-29 v3.1.11a (3.1.11a)
\pgf@plot@mark@count=\count343
\pgfplotmarksize=\dimen304
)
\tikz@lastx=\dimen305
\tikz@lasty=\dimen306
\tikz@lastxsaved=\dimen307
\tikz@lastysaved=\dimen308
\tikz@lastmovetox=\dimen309
\tikz@lastmovetoy=\dimen310
\tikzleveldistance=\dimen311
\tikzsiblingdistance=\dimen312
\tikz@figbox=\box75
\tikz@figbox@bg=\box76
\tikz@tempbox=\box77
\tikz@tempbox@bg=\box78
\tikztreelevel=\count344
\tikznumberofchildren=\count345
\tikznumberofcurrentchild=\count346
\tikz@fig@count=\count347

(C:\Users\MouadMoulayRachid\AppData\Local\Programs\MiKTeX\tex/generic/pgf/modul
es\pgfmodulematrix.code.tex
File: pgfmodulematrix.code.tex 2025-08-29 v3.1.11a (3.1.11a)
\pgfmatrixcurrentrow=\count348
\pgfmatrixcurrentcolumn=\count349
\pgf@matrix@numberofcolumns=\count350
)
\tikz@expandcount=\count351

(C:\Users\MouadMoulayRachid\AppData\Local\Programs\MiKTeX\tex/generic/pgf/front
endlayer/tikz/libraries\tikzlibrarytopaths.code.tex
File: tikzlibrarytopaths.code.tex 2025-08-29 v3.1.11a (3.1.11a)
)))
(C:\Users\MouadMoulayRachid\AppData\Local\Programs\MiKTeX\tex/generic/pgf/front
endlayer/tikz/libraries\tikzlibraryarrows.code.tex
File: tikzlibraryarrows.code.tex 2025-08-29 v3.1.11a (3.1.11a)

(C:\Users\MouadMoulayRachid\AppData\Local\Programs\MiKTeX\tex/generic/pgf/libra
ries\pgflibraryarrows.code.tex
File: pgflibraryarrows.code.tex 2025-08-29 v3.1.11a (3.1.11a)
\arrowsize=\dimen313
))
(C:\Users\MouadMoulayRachid\AppData\Local\Programs\MiKTeX\tex/generic/pgf/front
endlayer/tikz/libraries\tikzlibrarybackgrounds.code.tex
File: tikzlibrarybackgrounds.code.tex 2025-08-29 v3.1.11a (3.1.11a)
\pgf@layerbox@background=\box79
\pgf@layerboxsaved@background=\box80
)
(C:\Users\MouadMoulayRachid\AppData\Local\Programs\MiKTeX\tex/generic/pgf/front
endlayer/tikz/libraries\tikzlibrarycalc.code.tex
File: tikzlibrarycalc.code.tex 2025-08-29 v3.1.11a (3.1.11a)
)
(C:\Users\MouadMoulayRachid\AppData\Local\Programs\MiKTeX\tex/generic/pgf/front
endlayer/tikz/libraries\tikzlibrarypatterns.code.tex
File: tikzlibrarypatterns.code.tex 2025-08-29 v3.1.11a (3.1.11a)

(C:\Users\MouadMoulayRachid\AppData\Local\Programs\MiKTeX\tex/generic/pgf/libra
ries\pgflibrarypatterns.code.tex
File: pgflibrarypatterns.code.tex 2025-08-29 v3.1.11a (3.1.11a)
))
(C:\Users\MouadMoulayRachid\AppData\Local\Programs\MiKTeX\tex/generic/pgf/front
endlayer/tikz/libraries\tikzlibrarypositioning.code.tex
File: tikzlibrarypositioning.code.tex 2025-08-29 v3.1.11a (3.1.11a)
)
(C:\Users\MouadMoulayRachid\AppData\Local\Programs\MiKTeX\tex/generic/pgf/front
endlayer/tikz/libraries\tikzlibraryshapes.geometric.code.tex
File: tikzlibraryshapes.geometric.code.tex 2025-08-29 v3.1.11a (3.1.11a)

(C:\Users\MouadMoulayRachid\AppData\Local\Programs\MiKTeX\tex/generic/pgf/libra
ries/shapes\pgflibraryshapes.geometric.code.tex
File: pgflibraryshapes.geometric.code.tex 2025-08-29 v3.1.11a (3.1.11a)
))
(C:\Users\MouadMoulayRachid\AppData\Local\Programs\MiKTeX\tex/latex/pgf/utiliti
es\pgfcalendar.sty
(C:\Users\MouadMoulayRachid\AppData\Local\Programs\MiKTeX\tex/generic/pgf/utili
ties\pgfcalendar.code.tex
File: pgfcalendar.code.tex 2025-08-29 v3.1.11a (3.1.11a)
\pgfcalendarcurrentjulian=\count352
\pgf@cal@easter@Y=\count353
\pgf@cal@easter@G=\count354
\pgf@cal@easter@C=\count355
\pgf@cal@easter@X=\count356
\pgf@cal@easter@Z=\count357
\pgf@cal@easter@D=\count358
\pgf@cal@easter@E=\count359
\pgf@cal@easter@N=\count360
\pgf@cal@easter@M=\count361
\pgf@cal@easter@julianday=\count362
))
\gtt@currentline=\count363
\gtt@lasttitleline=\count364
\gtt@currgrid=\count365
\gtt@chartwidth=\count366
\gtt@lasttitleslot=\count367
\gtt@elementid=\count368
\gtt@today@slot=\count369
\gtt@startjulian=\count370
\gtt@endjulian=\count371
\gtt@chartid=\count372
\gtt@vrule@slot=\count373
\gtt@calendar@slots=\count374
\gtt@calendar@weeknumber=\count375
\gtt@calendar@startofweek=\count376
\gtt@left@slot=\count377
\gtt@right@slot=\count378
)
(C:\Users\MouadMoulayRachid\AppData\Local\Programs\MiKTeX\tex/latex/pdflscape\p
dflscape.sty
Package: pdflscape 2022-10-27 v0.13 Display of landscape pages in PDF

(C:\Users\MouadMoulayRachid\AppData\Local\Programs\MiKTeX\tex/latex/pdflscape\p
dflscape-nometadata.sty
Package: pdflscape-nometadata 2022-10-28 v0.13 Display of landscape pages in PD
F (HO)

(C:\Users\MouadMoulayRachid\AppData\Local\Programs\MiKTeX\tex/latex/graphics\ls
cape.sty
Package: lscape 2020/05/28 v3.02 Landscape Pages (DPC)
)
Package pdflscape Info: Auto-detected driver: pdftex on input line 81.
))
(C:\Users\MouadMoulayRachid\AppData\Local\Programs\MiKTeX\tex/generic/pgf/libra
ries\pgflibraryarrows.meta.code.tex
File: pgflibraryarrows.meta.code.tex 2025-08-29 v3.1.11a (3.1.11a)
\pgfarrowinset=\dimen314
\pgfarrowlength=\dimen315
\pgfarrowwidth=\dimen316
\pgfarrowlinewidth=\dimen317
)
(C:\Users\MouadMoulayRachid\AppData\Local\Programs\MiKTeX\tex/generic/pgf/front
endlayer/tikz/libraries\tikzlibraryfit.code.tex
File: tikzlibraryfit.code.tex 2025-08-29 v3.1.11a (3.1.11a)
)
(C:\Users\MouadMoulayRachid\AppData\Local\Programs\MiKTeX\tex/latex/fancyhdr\fa
ncyhdr.sty
Package: fancyhdr 2025/02/07 v5.2 Extensive control of page headers and footers

\f@nch@headwidth=\skip65
\f@nch@offset@elh=\skip66
\f@nch@offset@erh=\skip67
\f@nch@offset@olh=\skip68
\f@nch@offset@orh=\skip69
\f@nch@offset@elf=\skip70
\f@nch@offset@erf=\skip71
\f@nch@offset@olf=\skip72
\f@nch@offset@orf=\skip73
\f@nch@height=\skip74
\f@nch@footalignment=\skip75
\f@nch@widthL=\skip76
\f@nch@widthC=\skip77
\f@nch@widthR=\skip78
\@temptokenb=\toks48
)
(C:\Users\MouadMoulayRachid\AppData\Local\Programs\MiKTeX\tex/latex/titlesec\ti
tlesec.sty
Package: titlesec 2025/01/04 v2.17 Sectioning titles
\ttl@box=\box81
\beforetitleunit=\skip79
\aftertitleunit=\skip80
\ttl@plus=\dimen318
\ttl@minus=\dimen319
\ttl@toksa=\toks49
\titlewidth=\dimen320
\titlewidthlast=\dimen321
\titlewidthfirst=\dimen322
)
(C:\Users\MouadMoulayRachid\AppData\Local\Programs\MiKTeX\tex/latex/hyperref\hy
perref.sty
Package: hyperref 2026-04-24 v7.01q Hypertext links for LaTeX

(C:\Users\MouadMoulayRachid\AppData\Local\Programs\MiKTeX\tex/latex/kvsetkeys\k
vsetkeys.sty
Package: kvsetkeys 2022-10-05 v1.19 Key value parser (HO)
)
(C:\Users\MouadMoulayRachid\AppData\Local\Programs\MiKTeX\tex/generic/kvdefinek
eys\kvdefinekeys.sty
Package: kvdefinekeys 2019-12-19 v1.6 Define keys (HO)
)
(C:\Users\MouadMoulayRachid\AppData\Local\Programs\MiKTeX\tex/generic/pdfescape
\pdfescape.sty
Package: pdfescape 2019/12/09 v1.15 Implements pdfTeX's escape features (HO)

(C:\Users\MouadMoulayRachid\AppData\Local\Programs\MiKTeX\tex/generic/ltxcmds\l
txcmds.sty
Package: ltxcmds 2023-12-04 v1.26 LaTeX kernel commands for general use (HO)
)
(C:\Users\MouadMoulayRachid\AppData\Local\Programs\MiKTeX\tex/generic/pdftexcmd
s\pdftexcmds.sty
Package: pdftexcmds 2020-06-27 v0.33 Utility functions of pdfTeX for LuaTeX (HO
)

(C:\Users\MouadMoulayRachid\AppData\Local\Programs\MiKTeX\tex/generic/infwarerr
\infwarerr.sty
Package: infwarerr 2019/12/03 v1.5 Providing info/warning/error messages (HO)
)
Package pdftexcmds Info: \pdf@primitive is available.
Package pdftexcmds Info: \pdf@ifprimitive is available.
Package pdftexcmds Info: \pdfdraftmode found.
))
(C:\Users\MouadMoulayRachid\AppData\Local\Programs\MiKTeX\tex/latex/hycolor\hyc
olor.sty
Package: hycolor 2020-01-27 v1.10 Color options for hyperref/bookmark (HO)
)
(C:\Users\MouadMoulayRachid\AppData\Local\Programs\MiKTeX\tex/latex/hyperref\na
meref.sty
Package: nameref 2026-01-29 v2.58 Cross-referencing by name of section

(C:\Users\MouadMoulayRachid\AppData\Local\Programs\MiKTeX\tex/latex/refcount\re
fcount.sty
Package: refcount 2019/12/15 v3.6 Data extraction from label references (HO)
)
(C:\Users\MouadMoulayRachid\AppData\Local\Programs\MiKTeX\tex/generic/gettitles
tring\gettitlestring.sty
Package: gettitlestring 2019/12/15 v1.6 Cleanup title references (HO)

(C:\Users\MouadMoulayRachid\AppData\Local\Programs\MiKTeX\tex/latex/kvoptions\k
voptions.sty
Package: kvoptions 2022-06-15 v3.15 Key value format for package options (HO)
))
\c@section@level=\count379
)
(C:\Users\MouadMoulayRachid\AppData\Local\Programs\MiKTeX\tex/generic/stringenc
\stringenc.sty
Package: stringenc 2019/11/29 v1.12 Convert strings between diff. encodings (HO
)
)
\@linkdim=\dimen323
\Hy@linkcounter=\count380
\Hy@pagecounter=\count381

(C:\Users\MouadMoulayRachid\AppData\Local\Programs\MiKTeX\tex/latex/hyperref\pd
1enc.def
File: pd1enc.def 2026-04-24 v7.01q Hyperref: PDFDocEncoding definition (HO)
Now handling font encoding PD1 ...
... no UTF-8 mapping file for font encoding PD1
)
(C:\Users\MouadMoulayRachid\AppData\Local\Programs\MiKTeX\tex/generic/intcalc\i
ntcalc.sty
Package: intcalc 2019/12/15 v1.3 Expandable calculations with integers (HO)
)
\Hy@SavedSpaceFactor=\count382

(C:\Users\MouadMoulayRachid\AppData\Local\Programs\MiKTeX\tex/latex/hyperref\pu
enc.def
File: puenc.def 2026-04-24 v7.01q Hyperref: PDF Unicode definition (HO)
Now handling font encoding PU ...
... no UTF-8 mapping file for font encoding PU
)
Package hyperref Info: Hyper figures OFF on input line 4199.
Package hyperref Info: Link nesting OFF on input line 4204.
Package hyperref Info: Hyper index ON on input line 4207.
Package hyperref Info: Plain pages OFF on input line 4214.
Package hyperref Info: Backreferencing OFF on input line 4219.
Package hyperref Info: Implicit mode ON; LaTeX internals redefined.
Package hyperref Info: Bookmarks ON on input line 4466.
\c@Hy@tempcnt=\count383

(C:\Users\MouadMoulayRachid\AppData\Local\Programs\MiKTeX\tex/latex/url\url.sty
\Urlmuskip=\muskip18
Package: url 2013/09/16  ver 3.4  Verb mode for urls, etc.
)
LaTeX Info: Redefining \url on input line 4805.
\XeTeXLinkMargin=\dimen324

(C:\Users\MouadMoulayRachid\AppData\Local\Programs\MiKTeX\tex/generic/bitset\bi
tset.sty
Package: bitset 2019/12/09 v1.3 Handle bit-vector datatype (HO)

(C:\Users\MouadMoulayRachid\AppData\Local\Programs\MiKTeX\tex/generic/bigintcal
c\bigintcalc.sty
Package: bigintcalc 2019/12/15 v1.5 Expandable calculations on big integers (HO
)
))
\Fld@menulength=\count384
\Field@Width=\dimen325
\Fld@charsize=\dimen326
Package hyperref Info: Hyper figures OFF on input line 6091.
Package hyperref Info: Link nesting OFF on input line 6096.
Package hyperref Info: Hyper index ON on input line 6099.
Package hyperref Info: backreferencing OFF on input line 6106.
Package hyperref Info: Link coloring OFF on input line 6111.
Package hyperref Info: Link coloring with OCG OFF on input line 6116.
Package hyperref Info: PDF/A mode OFF on input line 6121.
\Hy@abspage=\count385
\c@Item=\count386
\c@Hfootnote=\count387
)
Package hyperref Info: Driver (autodetected): hpdftex.

(C:\Users\MouadMoulayRachid\AppData\Local\Programs\MiKTeX\tex/latex/hyperref\hp
dftex.def
File: hpdftex.def 2026-04-24 v7.01q Hyperref driver for pdfTeX
\Fld@listcount=\count388
\c@bookmark@seq@number=\count389

(C:\Users\MouadMoulayRachid\AppData\Local\Programs\MiKTeX\tex/latex/rerunfilech
eck\rerunfilecheck.sty
Package: rerunfilecheck 2025-06-21 v1.11 Rerun checks for auxiliary files (HO)

(C:\Users\MouadMoulayRachid\AppData\Local\Programs\MiKTeX\tex/generic/uniquecou
nter\uniquecounter.sty
Package: uniquecounter 2019/12/15 v1.4 Provide unlimited unique counter (HO)
)
Package uniquecounter Info: New unique counter `rerunfilecheck' on input line 2
84.
)
\Hy@SectionHShift=\skip81
)
Package hyperref Info: Option `colorlinks' set `true' on input line 151.

(C:\Users\MouadMoulayRachid\AppData\Local\Programs\MiKTeX\tex/latex/natbib\natb
ib.sty
Package: natbib 2010/09/13 8.31b (PWD, AO)
\bibhang=\skip82
\bibsep=\skip83
LaTeX Info: Redefining \cite on input line 694.
\c@NAT@ctr=\count390
)
(C:\Users\MouadMoulayRachid\AppData\Local\Programs\MiKTeX\tex/latex/glossaries/
base\glossaries.sty
Package: glossaries 2026/04/21 v5.1 (NLCT)

(C:\Users\MouadMoulayRachid\AppData\Local\Programs\MiKTeX\tex/latex/base\ifthen
.sty
Package: ifthen 2024/03/16 v1.1e Standard LaTeX ifthen package (DPC)
)
(C:\Users\MouadMoulayRachid\AppData\Local\Programs\MiKTeX\tex/latex/xkeyval\xke
yval.sty
Package: xkeyval 2022/06/16 v2.9 package option processing (HA)

(C:\Users\MouadMoulayRachid\AppData\Local\Programs\MiKTeX\tex/generic/xkeyval\x
keyval.tex
(C:\Users\MouadMoulayRachid\AppData\Local\Programs\MiKTeX\tex/generic/xkeyval\x
kvutils.tex
\XKV@toks=\toks50
\XKV@tempa@toks=\toks51
)
\XKV@depth=\count391
File: xkeyval.tex 2014/12/03 v2.7a key=value parser (HA)
))
(C:\Users\MouadMoulayRachid\AppData\Local\Programs\MiKTeX\tex/latex/mfirstuc\mf
irstuc.sty
Package: mfirstuc 2025/04/03 v2.09 (NLCT)
\@glsmfirst=\toks52
\@glsmrest=\toks53
)
(C:\Users\MouadMoulayRachid\AppData\Local\Programs\MiKTeX\tex/latex/xfor\xfor.s
ty
Package: xfor 2009/02/05 v1.05 (NLCT)
)
(C:\Users\MouadMoulayRachid\AppData\Local\Programs\MiKTeX\tex/latex/tracklang\t
racklang.sty
Package: tracklang 2025/03/11 v1.6.6 (NLCT) Track Languages

(C:\Users\MouadMoulayRachid\AppData\Local\Programs\MiKTeX\tex/generic/tracklang
\tracklang.tex)
Package tracklang Info: Tracking dialect `english' (language `english') on inpu
t line 264.
Package tracklang Info: Tracking dialect `english' (language `english') on inpu
t line 264.
)
(C:\Users\MouadMoulayRachid\AppData\Local\Programs\MiKTeX\tex/latex/translator\
translator.sty
Package: translator 2021-05-31 v1.12d Easy translation of strings in LaTeX
LaTeX Info: Redefining \translate on input line 184.
)
(C:\Users\MouadMoulayRachid\AppData\Local\Programs\MiKTeX\tex/latex/glossaries-
english\glossaries-english.ldf
File: glossaries-english.ldf 2014/11/23 v1.0
)
(C:\Users\MouadMoulayRachid\AppData\Local\Programs\MiKTeX\tex/latex/datatool\da
tatool-base.sty
Package: datatool-base 2025/12/04 v3.4.3 (NLCT)
\l__datatool_tmpa_int=\count392
\l__datatool_tmpb_int=\count393
\l__datatool_tmpc_int=\count394
\l__datatool_tmpd_int=\count395
\l__datatool_count_int=\count396
\l__datatool_tmp_datatype_int=\count397
\l__datatool_tmpa_dim=\dimen327
\l__datatool_tmpb_dim=\dimen328

(C:\Users\MouadMoulayRachid\AppData\Local\Programs\MiKTeX\tex/latex/datatool\da
tatool-l3fp.def
File: datatool-l3fp.def 2025/12/04 v3.4.3 (NLCT)
)
\@dtl@toks=\toks54
\@dtl@tmpcount=\count398
\dtl@tmplength=\skip84
\l__datatool_measure_box=\box82
\dtl@sortresult=\count399

(C:\Users\MouadMoulayRachid\AppData\Local\Programs\MiKTeX\tex/latex/datatool\da
tatool-utf8.ldf
File: datatool-utf8.ldf 2025/12/04 v3.4.3 (NLCT)
)
\@dtl@datatype=\count400
\c_datatool_unknown_int=\count401
\l__datatool_year_int=\count402
\l__datatool_month_int=\count403
\l__datatool_day_int=\count404
\l__datatool_hour_int=\count405
\l__datatool_minute_int=\count406
\l__datatool_second_int=\count407
\l__datatool_tzhour_int=\count408
\l__datatool_tzminute_int=\count409
\l__datatool_julian_int=\count410
\l__datatool_local_julian_int=\count411
\l__datatool_prefix_int=\count412
\l__datatool_suffix_int=\count413
\@dtl@foreach@level=\count414


Package tracklang Warning: No `datatool' support for dialect `english'  on inpu
t line 9924.

\dtl@codeA=\count415
\dtl@codeB=\count416
)
\gls@level=\count417
\@gls@tmpb=\toks55
\gls@tmplen=\skip85
\l__glossaries_tmpa_dim=\dimen329
\l__glossaries_tmpb_dim=\dimen330
\glskeylisttok=\toks56
\glslabeltok=\toks57
\glsshorttok=\toks58
\glslongtok=\toks59

(C:\Users\MouadMoulayRachid\AppData\Local\Programs\MiKTeX\tex/latex/glossaries/
styles\glossary-hypernav.sty
Package: glossary-hypernav 2026/04/21 v5.1 (NLCT)
)
(C:\Users\MouadMoulayRachid\AppData\Local\Programs\MiKTeX\tex/latex/glossaries/
styles\glossary-list.sty
Package: glossary-list 2026/04/21 v5.1 (NLCT)
\glslistdottedwidth=\skip86
)
(C:\Users\MouadMoulayRachid\AppData\Local\Programs\MiKTeX\tex/latex/glossaries/
styles\glossary-long.sty
Package: glossary-long 2026/04/21 v5.1 (NLCT)
\glsdescwidth=\skip87
\glspagelistwidth=\skip88
)
(C:\Users\MouadMoulayRachid\AppData\Local\Programs\MiKTeX\tex/latex/glossaries/
styles\glossary-super.sty
Package: glossary-super 2026/04/21 v5.1 (NLCT)

(C:\Users\MouadMoulayRachid\AppData\Local\Programs\MiKTeX\tex/latex/supertabula
r\supertabular.sty
Package: supertabular 2025/06/26 v4.2d the supertabular environment
\c@tracingst=\count418
\ST@wd=\dimen331
\ST@rightskip=\skip89
\ST@leftskip=\skip90
\ST@parfillskip=\skip91
\ST@pageleft=\dimen332
\ST@headht=\dimen333
\ST@tailht=\dimen334
\ST@pagesofar=\dimen335
\ST@pboxht=\dimen336
\ST@rowht=\dimen337
\ST@prevht=\dimen338
\ST@toadd=\dimen339
\ST@dimen=\dimen340
\ST@pbox=\box83
))
(C:\Users\MouadMoulayRachid\AppData\Local\Programs\MiKTeX\tex/latex/glossaries/
styles\glossary-tree.sty
Package: glossary-tree 2026/04/21 v5.1 (NLCT)
\l__glossaries_tree_max_known_level_int=\count419
\l__glossaries_tree_offset_dim=\dimen341
\l__glossaries_tree_namewidth_dim=\dimen342
\l__glossaries_tree_symbolwidth_dim=\dimen343
\l__glossaries_tree_prenamesym_width_dim=\dimen344
\l__glossaries_tree_presubnamesym_width_dim=\dimen345
\l__glossaries_tree_namewidth_padding_dim=\dimen346
\l__glossaries_tree_symbolwidth_padding_dim=\dimen347
\l__glossaries_tree_namesymbolwidth_dim=\dimen348
\l__glossaries_tree_namesymbolwidth_padding_dim=\dimen349
\l__glossaries_tree_level_int=\count420
\glstreeindent=\skip92
))
\glswrite=\write4
\glo@main@file=\write5
\openout5 = `main.glo'.

Package glossaries Info: Writing glossary file main.glo on input line 162.
\glo@acronym@file=\write6
\openout6 = `main.acn'.

Package glossaries Info: Writing glossary file main.acn on input line 162.
 (glossary.tex)
(C:\Users\MouadMoulayRachid\AppData\Local\Programs\MiKTeX\tex/latex/psnfss\pifo
nt.sty
Package: pifont 2020/03/25 PSNFSS-v9.3 Pi font support (SPQR) 
LaTeX Font Info:    Trying to load font information for U+pzd on input line 63.


(C:\Users\MouadMoulayRachid\AppData\Local\Programs\MiKTeX\tex/latex/psnfss\upzd
.fd
File: upzd.fd 2001/06/04 font definitions for U/pzd.
)
LaTeX Font Info:    Trying to load font information for U+psy on input line 64.


(C:\Users\MouadMoulayRachid\AppData\Local\Programs\MiKTeX\tex/latex/psnfss\upsy
.fd
File: upsy.fd 2001/06/04 font definitions for U/psy.
))
(C:\Users\MouadMoulayRachid\AppData\Local\Programs\MiKTeX\tex/latex/mdframed\md
framed.sty
Package: mdframed 2013/07/01 1.9b: mdframed

(C:\Users\MouadMoulayRachid\AppData\Local\Programs\MiKTeX\tex/latex/l3packages/
xparse\xparse.sty
(C:\Users\MouadMoulayRachid\AppData\Local\Programs\MiKTeX\tex/latex/l3kernel\ex
pl3.sty
Package: expl3 2026-03-20 L3 programming layer (loader) 

(C:\Users\MouadMoulayRachid\AppData\Local\Programs\MiKTeX\tex/latex/l3backend\l
3backend-pdftex.def
File: l3backend-pdftex.def 2026-02-18 L3 backend support: PDF output (pdfTeX)
\l__color_backend_stack_int=\count421
))
Package: xparse 2025-10-09 L3 Experimental document command parser
)
(C:\Users\MouadMoulayRachid\AppData\Local\Programs\MiKTeX\tex/latex/zref\zref-a
bspage.sty
Package: zref-abspage 2026-03-07 v2.37 Module abspage for zref (HO)

(C:\Users\MouadMoulayRachid\AppData\Local\Programs\MiKTeX\tex/latex/zref\zref-b
ase.sty
Package: zref-base 2026-03-07 v2.37 Module base for zref (HO)

(C:\Users\MouadMoulayRachid\AppData\Local\Programs\MiKTeX\tex/generic/etexcmds\
etexcmds.sty
Package: etexcmds 2019/12/15 v1.7 Avoid name clashes with e-TeX commands (HO)
)
(C:\Users\MouadMoulayRachid\AppData\Local\Programs\MiKTeX\tex/latex/auxhook\aux
hook.sty
Package: auxhook 2019-12-17 v1.6 Hooks for auxiliary files (HO)
)
Package zref Info: New property list: main on input line 767.
Package zref Info: New property: default on input line 768.
Package zref Info: New property: page on input line 769.
)
\c@abspage=\count422
Package zref Info: New property: abspage on input line 67.
)
(C:\Users\MouadMoulayRachid\AppData\Local\Programs\MiKTeX\tex/latex/needspace\n
eedspace.sty
Package: needspace 2025/03/13 v1.3e reserve vertical space
)
\mdf@templength=\skip93
\c@mdf@globalstyle@cnt=\count423
\mdf@skipabove@length=\skip94
\mdf@skipbelow@length=\skip95
\mdf@leftmargin@length=\skip96
\mdf@rightmargin@length=\skip97
\mdf@innerleftmargin@length=\skip98
\mdf@innerrightmargin@length=\skip99
\mdf@innertopmargin@length=\skip100
\mdf@innerbottommargin@length=\skip101
\mdf@splittopskip@length=\skip102
\mdf@splitbottomskip@length=\skip103
\mdf@outermargin@length=\skip104
\mdf@innermargin@length=\skip105
\mdf@linewidth@length=\skip106
\mdf@innerlinewidth@length=\skip107
\mdf@middlelinewidth@length=\skip108
\mdf@outerlinewidth@length=\skip109
\mdf@roundcorner@length=\skip110
\mdf@footenotedistance@length=\skip111
\mdf@userdefinedwidth@length=\skip112
\mdf@needspace@length=\skip113
\mdf@frametitleaboveskip@length=\skip114
\mdf@frametitlebelowskip@length=\skip115
\mdf@frametitlerulewidth@length=\skip116
\mdf@frametitleleftmargin@length=\skip117
\mdf@frametitlerightmargin@length=\skip118
\mdf@shadowsize@length=\skip119
\mdf@extratopheight@length=\skip120
\mdf@subtitleabovelinewidth@length=\skip121
\mdf@subtitlebelowlinewidth@length=\skip122
\mdf@subtitleaboveskip@length=\skip123
\mdf@subtitlebelowskip@length=\skip124
\mdf@subtitleinneraboveskip@length=\skip125
\mdf@subtitleinnerbelowskip@length=\skip126
\mdf@subsubtitleabovelinewidth@length=\skip127
\mdf@subsubtitlebelowlinewidth@length=\skip128
\mdf@subsubtitleaboveskip@length=\skip129
\mdf@subsubtitlebelowskip@length=\skip130
\mdf@subsubtitleinneraboveskip@length=\skip131
\mdf@subsubtitleinnerbelowskip@length=\skip132

(C:\Users\MouadMoulayRachid\AppData\Local\Programs\MiKTeX\tex/latex/mdframed\md
-frame-0.mdf
File: md-frame-0.mdf 2013/07/01\ 1.9b: md-frame-0
)
\mdf@frametitlebox=\box84
\mdf@footnotebox=\box85
\mdf@splitbox@one=\box86
\mdf@splitbox@two=\box87
\mdf@splitbox@save=\box88
\mdfsplitboxwidth=\skip133
\mdfsplitboxtotalwidth=\skip134
\mdfsplitboxheight=\skip135
\mdfsplitboxdepth=\skip136
\mdfsplitboxtotalheight=\skip137
\mdfframetitleboxwidth=\skip138
\mdfframetitleboxtotalwidth=\skip139
\mdfframetitleboxheight=\skip140
\mdfframetitleboxdepth=\skip141
\mdfframetitleboxtotalheight=\skip142
\mdffootnoteboxwidth=\skip143
\mdffootnoteboxtotalwidth=\skip144
\mdffootnoteboxheight=\skip145
\mdffootnoteboxdepth=\skip146
\mdffootnoteboxtotalheight=\skip147
\mdftotallinewidth=\skip148
\mdfboundingboxwidth=\skip149
\mdfboundingboxtotalwidth=\skip150
\mdfboundingboxheight=\skip151
\mdfboundingboxdepth=\skip152
\mdfboundingboxtotalheight=\skip153
\mdf@freevspace@length=\skip154
\mdf@horizontalwidthofbox@length=\skip155
\mdf@verticalmarginwhole@length=\skip156
\mdf@horizontalspaceofbox=\skip157
\mdfsubtitleheight=\skip158
\mdfsubsubtitleheight=\skip159
\c@mdfcountframes=\count424

****** mdframed patching \endmdf@trivlist

****** -- success******

\mdf@envdepth=\count425
\c@mdf@env@i=\count426
\c@mdf@env@ii=\count427
\c@mdf@zref@counter=\count428
Package zref Info: New property: mdf@pagevalue on input line 895.
)
(C:\Users\MouadMoulayRachid\AppData\Local\Programs\MiKTeX\tex/latex/tcolorbox\t
colorbox.sty
Package: tcolorbox 2025/11/28 version 6.9.0 text color boxes

(C:\Users\MouadMoulayRachid\AppData\Local\Programs\MiKTeX\tex/latex/tools\verba
tim.sty
Package: verbatim 2024-01-22 v1.5x LaTeX2e package for verbatim enhancements
\every@verbatim=\toks60
\verbatim@line=\toks61
\verbatim@in@stream=\read4
)
(C:\Users\MouadMoulayRachid\AppData\Local\Programs\MiKTeX\tex/latex/environ\env
iron.sty
Package: environ 2014/05/04 v0.3 A new way to define environments

(C:\Users\MouadMoulayRachid\AppData\Local\Programs\MiKTeX\tex/latex/trimspaces\
trimspaces.sty
Package: trimspaces 2009/09/17 v1.1 Trim spaces around a token list
))
\tcb@titlebox=\box89
\tcb@upperbox=\box90
\tcb@lowerbox=\box91
\tcb@phantombox=\box92
\c@tcbbreakpart=\count429
\c@tcblayer=\count430
\c@tcolorbox@number=\count431
\l__tcobox_tmpa_box=\box93
\l__tcobox_tmpa_dim=\dimen350
\tcb@temp=\box94
\tcb@temp=\box95
\tcb@temp=\box96
\tcb@temp=\box97
)
(C:\Users\MouadMoulayRachid\AppData\Local\Programs\MiKTeX\tex/latex/tcolorbox\t
cbskins.code.tex
Library (tcolorbox): 'tcbskins.code.tex' version '6.9.0'

(C:\Users\MouadMoulayRachid\AppData\Local\Programs\MiKTeX\tex/latex/tikzfill\ti
kzfill.image.sty
Package: tikzfill.image 2026/04/23 v1.2.0 Image filling library for TikZ

(C:\Users\MouadMoulayRachid\AppData\Local\Programs\MiKTeX\tex/latex/tikzfill\ti
kzlibraryfill.image.code.tex
File: tikzlibraryfill.image.code.tex 2026/04/23 v1.2.0 Image filling library
\l__tikzfill_tmpa_dim=\dimen351
\l__tikzfill_tmpb_dim=\dimen352
\l__tikzfill_img_box=\box98
))
(C:\Users\MouadMoulayRachid\AppData\Local\Programs\MiKTeX\tex/latex/tcolorbox\t
cbskinsjigsaw.code.tex
Library (tcolorbox): 'tcbskinsjigsaw.code.tex' version '6.9.0'
))
(C:\Users\MouadMoulayRachid\AppData\Local\Programs\MiKTeX\tex/latex/tcolorbox\t
cbbreakable.code.tex
Library (tcolorbox): 'tcbbreakable.code.tex' version '6.9.0'

(C:\Users\MouadMoulayRachid\AppData\Local\Programs\MiKTeX\tex/latex/pdfcol\pdfc
ol.sty
Package: pdfcol 2022-09-21 v1.7 Handle new color stacks for pdfTeX (HO)
)
Package pdfcol Info: New color stack `tcb@breakable' = 1 on input line 23.
\tcb@testbox=\box99
\tcb@totalupperbox=\box100
\tcb@totallowerbox=\box101
)
LaTeX Font Info:    Trying to load font information for T1+lmr on input line 19
7.

(C:\Users\MouadMoulayRachid\AppData\Local\Programs\MiKTeX\tex/latex/lm\t1lmr.fd
File: t1lmr.fd 2015/05/01 v1.6.1 Font defs for Latin Modern
) (main.aux)
\openout1 = `main.aux'.

LaTeX Font Info:    Checking defaults for OML/cmm/m/it on input line 197.
LaTeX Font Info:    ... okay on input line 197.
LaTeX Font Info:    Checking defaults for OMS/cmsy/m/n on input line 197.
LaTeX Font Info:    ... okay on input line 197.
LaTeX Font Info:    Checking defaults for OT1/cmr/m/n on input line 197.
LaTeX Font Info:    ... okay on input line 197.
LaTeX Font Info:    Checking defaults for T1/cmr/m/n on input line 197.
LaTeX Font Info:    ... okay on input line 197.
LaTeX Font Info:    Checking defaults for TS1/cmr/m/n on input line 197.
LaTeX Font Info:    ... okay on input line 197.
LaTeX Font Info:    Checking defaults for OMX/cmex/m/n on input line 197.
LaTeX Font Info:    ... okay on input line 197.
LaTeX Font Info:    Checking defaults for U/cmr/m/n on input line 197.
LaTeX Font Info:    ... okay on input line 197.
LaTeX Font Info:    Checking defaults for PD1/pdf/m/n on input line 197.
LaTeX Font Info:    ... okay on input line 197.
LaTeX Font Info:    Checking defaults for PU/pdf/m/n on input line 197.
LaTeX Font Info:    ... okay on input line 197.

*geometry* driver: auto-detecting
*geometry* detected driver: pdftex
*geometry* verbose mode - [ preamble ] result:
* driver: pdftex
* paper: a4paper
* layout: <same size as paper>
* layoutoffset:(h,v)=(0.0pt,0.0pt)
* modes: 
* h-part:(L,W,R)=(85.35826pt, 441.01773pt, 71.13188pt)
* v-part:(T,H,B)=(71.13188pt, 702.78308pt, 71.13188pt)
* \paperwidth=597.50787pt
* \paperheight=845.04684pt
* \textwidth=441.01773pt
* \textheight=702.78308pt
* \oddsidemargin=13.08827pt
* \evensidemargin=13.08827pt
* \topmargin=-38.1381pt
* \headheight=12.0pt
* \headsep=25.0pt
* \topskip=12.0pt
* \footskip=30.0pt
* \marginparwidth=35.0pt
* \marginparsep=10.0pt
* \columnsep=10.0pt
* \skip\footins=10.8pt plus 4.0pt minus 2.0pt
* \hoffset=0.0pt
* \voffset=0.0pt
* \mag=1000
* \@twocolumnfalse
* \@twosidefalse
* \@mparswitchfalse
* \@reversemarginfalse
* (1in=72.27pt=25.4mm, 1cm=28.453pt)

LaTeX Info: Redefining \microtypecontext on input line 197.
Package microtype Info: Applying patch `item' on input line 197.
Package microtype Info: Applying patch `toc' on input line 197.
Package microtype Info: Applying patch `eqnum' on input line 197.
Package microtype Info: Applying patch `footnote' on input line 197.
Package microtype Info: Applying patch `verbatim' on input line 197.
LaTeX Info: Redefining \microtypesetup on input line 197.
Package microtype Info: Generating PDF output.
Package microtype Info: Character protrusion enabled (level 2).
Package microtype Info: Using default protrusion set `alltext'.
Package microtype Info: Automatic font expansion enabled (level 2),
(microtype)             stretch: 20, shrink: 20, step: 1, non-selected.
Package microtype Info: Using default expansion set `alltext-nott'.
Package microtype Info: Patching command `\showhyphens'.
Package microtype Info: No adjustment of tracking.
Package microtype Info: No adjustment of interword spacing.
Package microtype Info: No adjustment of character kerning.

(C:\Users\MouadMoulayRachid\AppData\Local\Programs\MiKTeX\tex/latex/microtype\m
t-cmr.cfg
File: mt-cmr.cfg 2013/05/19 v2.2 microtype config. file: Computer Modern Roman 
(RS)
)
(C:\Users\MouadMoulayRachid\AppData\Local\Programs\MiKTeX\tex/context/base/mkii
\supp-pdf.mkii
[Loading MPS to PDF converter (version 2006.09.02).]
\scratchcounter=\count432
\scratchdimen=\dimen353
\scratchbox=\box102
\nofMPsegments=\count433
\nofMParguments=\count434
\everyMPshowfont=\toks62
\MPscratchCnt=\count435
\MPscratchDim=\dimen354
\MPnumerator=\count436
\makeMPintoPDFobject=\count437
\everyMPtoPDFconversion=\toks63
)
(C:\Users\MouadMoulayRachid\AppData\Local\Programs\MiKTeX\tex/latex/epstopdf-pk
g\epstopdf-base.sty
Package: epstopdf-base 2020-01-24 v2.11 Base part for package epstopdf
Package epstopdf-base Info: Redefining graphics rule for `.eps' on input line 4
85.

(C:\Users\MouadMoulayRachid\AppData\Local\Programs\MiKTeX\tex/latex/00miktex\ep
stopdf-sys.cfg
File: epstopdf-sys.cfg 2021/03/18 v2.0 Configuration of epstopdf for MiKTeX
))
Package caption Info: Begin \AtBeginDocument code.
Package caption Info: hyperref package is loaded.
Package caption Info: listings package is loaded.
Package caption Info: supertabular package is loaded.
Package caption Info: End \AtBeginDocument code.
\c@lstlisting=\count438
Package hyperref Info: Link coloring ON on input line 197.
 (main.out) (main.out)
\@outlinefile=\write7
\openout7 = `main.out'.

 (00-coverpage.tex
<image/ensias.jpg, id=297, 200.75pt x 200.75pt>
File: image/ensias.jpg Graphic file (type jpg)
<use image/ensias.jpg>
Package pdftex.def Info: image/ensias.jpg  used on input line 11.
(pdftex.def)             Requested size: 112.46146pt x 112.46516pt.
LaTeX Font Info:    Trying to load font information for OT1+lmr on input line 1
4.

(C:\Users\MouadMoulayRachid\AppData\Local\Programs\MiKTeX\tex/latex/lm\ot1lmr.f
d
File: ot1lmr.fd 2015/05/01 v1.6.1 Font defs for Latin Modern
)
LaTeX Font Info:    Trying to load font information for OML+lmm on input line 1
4.

(C:\Users\MouadMoulayRachid\AppData\Local\Programs\MiKTeX\tex/latex/lm\omllmm.f
d
File: omllmm.fd 2015/05/01 v1.6.1 Font defs for Latin Modern
)
LaTeX Font Info:    Trying to load font information for OMS+lmsy on input line 
14.

(C:\Users\MouadMoulayRachid\AppData\Local\Programs\MiKTeX\tex/latex/lm\omslmsy.
fd
File: omslmsy.fd 2015/05/01 v1.6.1 Font defs for Latin Modern
)
LaTeX Font Info:    Trying to load font information for OMX+lmex on input line 
14.

(C:\Users\MouadMoulayRachid\AppData\Local\Programs\MiKTeX\tex/latex/lm\omxlmex.
fd
File: omxlmex.fd 2015/05/01 v1.6.1 Font defs for Latin Modern
)
LaTeX Font Info:    External font `lmex10' loaded for size
(Font)              <12> on input line 14.
LaTeX Font Info:    External font `lmex10' loaded for size
(Font)              <8> on input line 14.
LaTeX Font Info:    External font `lmex10' loaded for size
(Font)              <6> on input line 14.
LaTeX Font Info:    Trying to load font information for U+msa on input line 14.


(C:\Users\MouadMoulayRachid\AppData\Local\Programs\MiKTeX\tex/latex/amsfonts\um
sa.fd
File: umsa.fd 2013/01/14 v3.01 AMS symbols A
)
(C:\Users\MouadMoulayRachid\AppData\Local\Programs\MiKTeX\tex/latex/microtype\m
t-msa.cfg
File: mt-msa.cfg 2006/02/04 v1.1 microtype config. file: AMS symbols (a) (RS)
)
LaTeX Font Info:    Trying to load font information for U+msb on input line 14.


(C:\Users\MouadMoulayRachid\AppData\Local\Programs\MiKTeX\tex/latex/amsfonts\um
sb.fd
File: umsb.fd 2013/01/14 v3.01 AMS symbols B
)
(C:\Users\MouadMoulayRachid\AppData\Local\Programs\MiKTeX\tex/latex/microtype\m
t-msb.cfg
File: mt-msb.cfg 2005/06/01 v1.0 microtype config. file: AMS symbols (b) (RS)
)
<image/IBM.png, id=298, 311.1625pt x 162.6075pt>
File: image/IBM.png Graphic file (type png)
<use image/IBM.png>
Package pdftex.def Info: image/IBM.png  used on input line 18.
(pdftex.def)             Requested size: 72.76906pt x 38.02667pt.
 [1

\openout4 = `main.ist'.

{C:/Users/MouadMoulayRachid/AppData/Local/MiKTeX/fonts/map/pdftex/pdftex.map}{C
:/Users/MouadMoulayRachid/AppData/Local/Programs/MiKTeX/fonts/enc/dvips/lm/lm-e
c.enc} <./image/ensias.jpg> <./image/IBM.png>]) (01-dedication.tex [2]) (02-ack
nowledgements.tex
Overfull \hbox (23.82774pt too wide) in paragraph at lines 15--16
[]\T1/lmr/m/n/12 (-20) I am equally grate-ful to the fac-ulty of the \T1/lmr/bx
/n/12 (-20) École Na-tionale Supérieure d'Informatique
 []

[3

]) (03-abstract.tex
LaTeX Font Info:    Trying to load font information for T1+lmtt on input line 1
3.

(C:\Users\MouadMoulayRachid\AppData\Local\Programs\MiKTeX\tex/latex/lm\t1lmtt.f
d
File: t1lmtt.fd 2015/05/01 v1.6.1 Font defs for Latin Modern
)
Package microtype Info: Loading generic protrusion settings for font family
(microtype)             `lmtt' (encoding: T1).
(microtype)             For optimal results, create family-specific settings.
(microtype)             See the microtype manual for details.
 [4

] [5

]) (main.toc [6

]

Package fancyhdr Warning: \headheight is too small (12.0pt): 
(fancyhdr)                Make it at least 13.59999pt, for example:
(fancyhdr)                \setlength{\headheight}{13.59999pt}.
(fancyhdr)                You might also make \topmargin smaller:
(fancyhdr)                \addtolength{\topmargin}{-1.59999pt}.

[7])
\tf@toc=\write8
\openout8 = `main.toc'.



Package fancyhdr Warning: \headheight is too small (12.0pt): 
(fancyhdr)                Make it at least 13.59999pt, for example:
(fancyhdr)                \setlength{\headheight}{13.59999pt}.
(fancyhdr)                You might also make \topmargin smaller:
(fancyhdr)                \addtolength{\topmargin}{-1.59999pt}.

[8] (main.lof
Overfull \hbox (38.29382pt too wide) in paragraph at lines 18--18
 [][] [][][]\T1/lmr/m/n/12 (-20) Entity--relationship model of the com-para-tor
's SQLite store. A \T1/lmtt/m/n/12 comparison_runs 
 []

[9

]
Overfull \hbox (9.16818pt too wide) in paragraph at lines 27--27
 \T1/lmr/m/n/12 (-20) workflows---among them the \T1/lmr/m/it/12 (-20) De-ploy-
ment DEV $\OMS/lmsy/m/n/12 !$ \T1/lmr/m/it/12 (-20) UAT $\OMS/lmsy/m/n/12 !$ \T
1/lmr/m/it/12 (-20) PROD \T1/lmr/m/n/12 (-20) pipeline--- 
 []

)
\tf@lof=\write9
\openout9 = `main.lof'.



Package fancyhdr Warning: \headheight is too small (12.0pt): 
(fancyhdr)                Make it at least 13.59999pt, for example:
(fancyhdr)                \setlength{\headheight}{13.59999pt}.
(fancyhdr)                You might also make \topmargin smaller:
(fancyhdr)                \addtolength{\topmargin}{-1.59999pt}.

[10{C:/Users/MouadMoulayRachid/AppData/Local/Programs/MiKTeX/fonts/enc/dvips/lm
/lm-mathsy.enc}] (main.lot)
\tf@lot=\write10
\openout10 = `main.lot'.

 [11

] (main.acr) [12


] (05-general-introduction.tex
LaTeX Font Info:    Trying to load font information for TS1+lmr on input line 2
1.

(C:\Users\MouadMoulayRachid\AppData\Local\Programs\MiKTeX\tex/latex/lm\ts1lmr.f
d
File: ts1lmr.fd 2015/05/01 v1.6.1 Font defs for Latin Modern
) [1

{C:/Users/MouadMoulayRachid/AppData/Local/Programs/MiKTeX/fonts/enc/dvips/lm/lm
-ts1.enc}]

Package fancyhdr Warning: \headheight is too small (12.0pt): 
(fancyhdr)                Make it at least 13.59999pt, for example:
(fancyhdr)                \setlength{\headheight}{13.59999pt}.
(fancyhdr)                You might also make \topmargin smaller:
(fancyhdr)                \addtolength{\topmargin}{-1.59999pt}.

[2]) (06-chapter1-context.tex
Chapter 1.
File: image/IBM.png Graphic file (type png)
<use image/IBM.png>
Package pdftex.def Info: image/IBM.png  used on input line 18.
(pdftex.def)             Requested size: 330.76329pt x 172.85191pt.
[3

]
<image/ibm_imple_around_the_world.jpg, id=624, 459.9pt x 207.9405pt>
File: image/ibm_imple_around_the_world.jpg Graphic file (type jpg)
<use image/ibm_imple_around_the_world.jpg>
Package pdftex.def Info: image/ibm_imple_around_the_world.jpg  used on input li
ne 34.
(pdftex.def)             Requested size: 441.01773pt x 199.4112pt.
LaTeX Font Info:    External font `lmex10' loaded for size
(Font)              <10> on input line 40.
LaTeX Font Info:    External font `lmex10' loaded for size
(Font)              <7> on input line 40.
LaTeX Font Info:    External font `lmex10' loaded for size
(Font)              <5> on input line 40.


Package fancyhdr Warning: \headheight is too small (12.0pt): 
(fancyhdr)                Make it at least 13.59999pt, for example:
(fancyhdr)                \setlength{\headheight}{13.59999pt}.
(fancyhdr)                You might also make \topmargin smaller:
(fancyhdr)                \addtolength{\topmargin}{-1.59999pt}.

[4 <./image/ibm_imple_around_the_world.jpg>]
<image/ibm_morocco_timeline.png, id=637, 989.6975pt x 545.03625pt>
File: image/ibm_morocco_timeline.png Graphic file (type png)
<use image/ibm_morocco_timeline.png>
Package pdftex.def Info: image/ibm_morocco_timeline.png  used on input line 50.

(pdftex.def)             Requested size: 441.01773pt x 242.86887pt.
<image/ibm_morocco_services.png, id=639, 536.0025pt x 143.53625pt>
File: image/ibm_morocco_services.png Graphic file (type png)
<use image/ibm_morocco_services.png>
Package pdftex.def Info: image/ibm_morocco_services.png  used on input line 62.

(pdftex.def)             Requested size: 220.50887pt x 59.04955pt.


Package fancyhdr Warning: \headheight is too small (12.0pt): 
(fancyhdr)                Make it at least 13.59999pt, for example:
(fancyhdr)                \setlength{\headheight}{13.59999pt}.
(fancyhdr)                You might also make \topmargin smaller:
(fancyhdr)                \addtolength{\topmargin}{-1.59999pt}.

[5 <./image/ibm_morocco_timeline.png>]
<image/cic_org_chart.png, id=646, 929.72343pt x 354.57469pt>
File: image/cic_org_chart.png Graphic file (type png)
<use image/cic_org_chart.png>
Package pdftex.def Info: image/cic_org_chart.png  used on input line 90.
(pdftex.def)             Requested size: 441.01773pt x 168.19208pt.


Package fancyhdr Warning: \headheight is too small (12.0pt): 
(fancyhdr)                Make it at least 13.59999pt, for example:
(fancyhdr)                \setlength{\headheight}{13.59999pt}.
(fancyhdr)                You might also make \topmargin smaller:
(fancyhdr)                \addtolength{\topmargin}{-1.59999pt}.

[6 <./image/ibm_morocco_services.png>]
<image/hakkoda.png, id=654, 344.28625pt x 147.55125pt>
File: image/hakkoda.png Graphic file (type png)
<use image/hakkoda.png>
Package pdftex.def Info: image/hakkoda.png  used on input line 111.
(pdftex.def)             Requested size: 330.76329pt x 141.75565pt.


Package fancyhdr Warning: \headheight is too small (12.0pt): 
(fancyhdr)                Make it at least 13.59999pt, for example:
(fancyhdr)                \setlength{\headheight}{13.59999pt}.
(fancyhdr)                You might also make \topmargin smaller:
(fancyhdr)                \addtolength{\topmargin}{-1.59999pt}.

[7 <./image/cic_org_chart.png> <./image/hakkoda.png>]

Package fancyhdr Warning: \headheight is too small (12.0pt): 
(fancyhdr)                Make it at least 13.59999pt, for example:
(fancyhdr)                \setlength{\headheight}{13.59999pt}.
(fancyhdr)                You might also make \topmargin smaller:
(fancyhdr)                \addtolength{\topmargin}{-1.59999pt}.

[8]
Overfull \hbox (0.48775pt too wide) in paragraph at lines 141--142
\T1/lmr/m/n/12 (-20) To ad-dress its data in-te-gra-tion and an-a-lyt-ics re-qu
ire-ments, ARYZTA adopted \T1/lmr/bx/n/12 (-20) Snowflake
 []


Package fancyhdr Warning: \headheight is too small (12.0pt): 
(fancyhdr)                Make it at least 13.59999pt, for example:
(fancyhdr)                \setlength{\headheight}{13.59999pt}.
(fancyhdr)                You might also make \topmargin smaller:
(fancyhdr)                \addtolength{\topmargin}{-1.59999pt}.

[9]
Underfull \hbox (badness 2726) in paragraph at lines 179--179
[]|\T1/lmr/m/n/12 (+20) Feature de-vel-op-ment, unit test-ing, ex-
 []

<image/ci_cd.png, id=673, 1541.76pt x 1027.84pt>
File: image/ci_cd.png Graphic file (type png)
<use image/ci_cd.png>
Package pdftex.def Info: image/ci_cd.png  used on input line 190.
(pdftex.def)             Requested size: 441.01773pt x 294.00392pt.

Package fancyhdr Warning: \headheight is too small (12.0pt): 
(fancyhdr)                Make it at least 13.59999pt, for example:
(fancyhdr)                \setlength{\headheight}{13.59999pt}.
(fancyhdr)                You might also make \topmargin smaller:
(fancyhdr)                \addtolength{\topmargin}{-1.59999pt}.

[10]

Package fancyhdr Warning: \headheight is too small (12.0pt): 
(fancyhdr)                Make it at least 13.59999pt, for example:
(fancyhdr)                \setlength{\headheight}{13.59999pt}.
(fancyhdr)                You might also make \topmargin smaller:
(fancyhdr)                \addtolength{\topmargin}{-1.59999pt}.

[11 <./image/ci_cd.png (PNG copy)>]
Overfull \hbox (0.61235pt too wide) in paragraph at lines 214--215
[]\T1/lmr/m/n/12 (-20) ARYZTA's Snowflake data platform currently operates acro
ss three environments---
 []


Package fancyhdr Warning: \headheight is too small (12.0pt): 
(fancyhdr)                Make it at least 13.59999pt, for example:
(fancyhdr)                \setlength{\headheight}{13.59999pt}.
(fancyhdr)                You might also make \topmargin smaller:
(fancyhdr)                \addtolength{\topmargin}{-1.59999pt}.

[12]

Package fancyhdr Warning: \headheight is too small (12.0pt): 
(fancyhdr)                Make it at least 13.59999pt, for example:
(fancyhdr)                \setlength{\headheight}{13.59999pt}.
(fancyhdr)                You might also make \topmargin smaller:
(fancyhdr)                \addtolength{\topmargin}{-1.59999pt}.

[13]
Underfull \hbox (badness 10000) in paragraph at lines 290--290
[]|\T1/lmr/m/n/12 (+20) Technical doc-u-men-ta-tion, ar-chi-tec-ture
 []


Package fancyhdr Warning: \headheight is too small (12.0pt): 
(fancyhdr)                Make it at least 13.59999pt, for example:
(fancyhdr)                \setlength{\headheight}{13.59999pt}.
(fancyhdr)                You might also make \topmargin smaller:
(fancyhdr)                \addtolength{\topmargin}{-1.59999pt}.

[14]

Package fancyhdr Warning: \headheight is too small (12.0pt): 
(fancyhdr)                Make it at least 13.59999pt, for example:
(fancyhdr)                \setlength{\headheight}{13.59999pt}.
(fancyhdr)                You might also make \topmargin smaller:
(fancyhdr)                \addtolength{\topmargin}{-1.59999pt}.

[15]
Missing character: There is no , in font nullfont!

Package fancyhdr Warning: \headheight is too small (12.0pt): 
(fancyhdr)                Make it at least 13.59999pt, for example:
(fancyhdr)                \setlength{\headheight}{13.59999pt}.
(fancyhdr)                You might also make \topmargin smaller:
(fancyhdr)                \addtolength{\topmargin}{-1.59999pt}.

[16

]

Package fancyhdr Warning: \headheight is too small (12.0pt): 
(fancyhdr)                Make it at least 13.59999pt, for example:
(fancyhdr)                \setlength{\headheight}{13.59999pt}.
(fancyhdr)                You might also make \topmargin smaller:
(fancyhdr)                \addtolength{\topmargin}{-1.59999pt}.

[17

]) (07-chapter2-analysis.tex
Chapter 2.

Underfull \hbox (badness 2644) in paragraph at lines 42--42
[]|\T1/lmr/m/n/12 (+20) Partial pres-ence, def-i-ni-tion
 []


Underfull \hbox (badness 10000) in paragraph at lines 42--42
[]|\T1/lmr/m/n/12 (+20) Missing or mis-con-fig-ured
 []

[18

]

Package fancyhdr Warning: \headheight is too small (12.0pt): 
(fancyhdr)                Make it at least 13.59999pt, for example:
(fancyhdr)                \setlength{\headheight}{13.59999pt}.
(fancyhdr)                You might also make \topmargin smaller:
(fancyhdr)                \addtolength{\topmargin}{-1.59999pt}.

[19]
<image/dicrepency.png, id=736, 951.555pt x 248.42813pt>
File: image/dicrepency.png Graphic file (type png)
<use image/dicrepency.png>
Package pdftex.def Info: image/dicrepency.png  used on input line 67.
(pdftex.def)             Requested size: 441.01773pt x 115.13881pt.
<image/dev_prod.png, id=737, 941.5175pt x 260.975pt>
File: image/dev_prod.png Graphic file (type png)
<use image/dev_prod.png>
Package pdftex.def Info: image/dev_prod.png  used on input line 74.
(pdftex.def)             Requested size: 441.01773pt x 122.24413pt.
<image/uat_prod.png, id=738, 890.32625pt x 233.37187pt>
File: image/uat_prod.png Graphic file (type png)
<use image/uat_prod.png>
Package pdftex.def Info: image/uat_prod.png  used on input line 81.
(pdftex.def)             Requested size: 441.01773pt x 115.59955pt.


Package fancyhdr Warning: \headheight is too small (12.0pt): 
(fancyhdr)                Make it at least 13.59999pt, for example:
(fancyhdr)                \setlength{\headheight}{13.59999pt}.
(fancyhdr)                You might also make \topmargin smaller:
(fancyhdr)                \addtolength{\topmargin}{-1.59999pt}.

[20 <./image/dicrepency.png> <./image/dev_prod.png>]

Package fancyhdr Warning: \headheight is too small (12.0pt): 
(fancyhdr)                Make it at least 13.59999pt, for example:
(fancyhdr)                \setlength{\headheight}{13.59999pt}.
(fancyhdr)                You might also make \topmargin smaller:
(fancyhdr)                \addtolength{\topmargin}{-1.59999pt}.

[21 <./image/uat_prod.png>]

Package fancyhdr Warning: \headheight is too small (12.0pt): 
(fancyhdr)                Make it at least 13.59999pt, for example:
(fancyhdr)                \setlength{\headheight}{13.59999pt}.
(fancyhdr)                You might also make \topmargin smaller:
(fancyhdr)                \addtolength{\topmargin}{-1.59999pt}.

[22]

Package fancyhdr Warning: \headheight is too small (12.0pt): 
(fancyhdr)                Make it at least 13.59999pt, for example:
(fancyhdr)                \setlength{\headheight}{13.59999pt}.
(fancyhdr)                You might also make \topmargin smaller:
(fancyhdr)                \addtolength{\topmargin}{-1.59999pt}.

[23]

Package fancyhdr Warning: \headheight is too small (12.0pt): 
(fancyhdr)                Make it at least 13.59999pt, for example:
(fancyhdr)                \setlength{\headheight}{13.59999pt}.
(fancyhdr)                You might also make \topmargin smaller:
(fancyhdr)                \addtolength{\topmargin}{-1.59999pt}.

[24]
Underfull \hbox (badness 8056) in paragraph at lines 187--187
[]|\T1/lmr/m/n/12 (+20) No de-ploy-ment stan-
 []


Underfull \hbox (badness 10000) in paragraph at lines 187--187
[]|\T1/lmr/m/n/12 (+20) Changes ap-plied to
 []


Underfull \hbox (badness 2310) in paragraph at lines 187--187
\T1/lmr/m/n/12 (+20) PROD with-out lower-
 []


Underfull \hbox (badness 1648) in paragraph at lines 187--187
[]|\T1/lmr/m/n/12 (+20) Object def-i-ni-tions not
 []


Underfull \hbox (badness 5147) in paragraph at lines 187--187
\T1/lmr/m/n/12 (+20) with no idem-po-tency
 []


Package fancyhdr Warning: \headheight is too small (12.0pt): 
(fancyhdr)                Make it at least 13.59999pt, for example:
(fancyhdr)                \setlength{\headheight}{13.59999pt}.
(fancyhdr)                You might also make \topmargin smaller:
(fancyhdr)                \addtolength{\topmargin}{-1.59999pt}.

[25]

Package fancyhdr Warning: \headheight is too small (12.0pt): 
(fancyhdr)                Make it at least 13.59999pt, for example:
(fancyhdr)                \setlength{\headheight}{13.59999pt}.
(fancyhdr)                You might also make \topmargin smaller:
(fancyhdr)                \addtolength{\topmargin}{-1.59999pt}.

[26]) (08-chapter3-design.tex
Chapter 3.
[27

]

Package fancyhdr Warning: \headheight is too small (12.0pt): 
(fancyhdr)                Make it at least 13.59999pt, for example:
(fancyhdr)                \setlength{\headheight}{13.59999pt}.
(fancyhdr)                You might also make \topmargin smaller:
(fancyhdr)                \addtolength{\topmargin}{-1.59999pt}.

[28]
<image/Data_Model.png, id=800, 1541.76pt x 1027.84pt>
File: image/Data_Model.png Graphic file (type png)
<use image/Data_Model.png>
Package pdftex.def Info: image/Data_Model.png  used on input line 112.
(pdftex.def)             Requested size: 441.01773pt x 294.00392pt.


Package fancyhdr Warning: \headheight is too small (12.0pt): 
(fancyhdr)                Make it at least 13.59999pt, for example:
(fancyhdr)                \setlength{\headheight}{13.59999pt}.
(fancyhdr)                You might also make \topmargin smaller:
(fancyhdr)                \addtolength{\topmargin}{-1.59999pt}.

[29]
Underfull \hbox (badness 3579) in paragraph at lines 133--133
[]|\T1/lmr/m/n/12 (+20) One row per com-par-i-son run: UUID, times-tamp,
 []


Underfull \hbox (badness 3547) in paragraph at lines 133--133
[]|\T1/lmr/m/n/12 (+20) The cap-tured state of ev-ery ob-ject on each side
 []


Package fancyhdr Warning: \headheight is too small (12.0pt): 
(fancyhdr)                Make it at least 13.59999pt, for example:
(fancyhdr)                \setlength{\headheight}{13.59999pt}.
(fancyhdr)                You might also make \topmargin smaller:
(fancyhdr)                \addtolength{\topmargin}{-1.59999pt}.

[30 <./image/Data_Model.png (PNG copy)>]
<image/run_sequence.png, id=811, 1678.27pt x 944.52875pt>
File: image/run_sequence.png Graphic file (type png)
<use image/run_sequence.png>
Package pdftex.def Info: image/run_sequence.png  used on input line 146.
(pdftex.def)             Requested size: 441.01773pt x 248.19472pt.


Package fancyhdr Warning: \headheight is too small (12.0pt): 
(fancyhdr)                Make it at least 13.59999pt, for example:
(fancyhdr)                \setlength{\headheight}{13.59999pt}.
(fancyhdr)                You might also make \topmargin smaller:
(fancyhdr)                \addtolength{\topmargin}{-1.59999pt}.

[31]

Package fancyhdr Warning: \headheight is too small (12.0pt): 
(fancyhdr)                Make it at least 13.59999pt, for example:
(fancyhdr)                \setlength{\headheight}{13.59999pt}.
(fancyhdr)                You might also make \topmargin smaller:
(fancyhdr)                \addtolength{\topmargin}{-1.59999pt}.

[32 <./image/run_sequence.png (PNG copy)>]

Package fancyhdr Warning: \headheight is too small (12.0pt): 
(fancyhdr)                Make it at least 13.59999pt, for example:
(fancyhdr)                \setlength{\headheight}{13.59999pt}.
(fancyhdr)                You might also make \topmargin smaller:
(fancyhdr)                \addtolength{\topmargin}{-1.59999pt}.

[33]
Overfull \hbox (26.33168pt too wide) in paragraph at lines 235--235
[]|\T1/lmtt/m/n/8 SH__OUTBOUND__GROSS_TO_NET_INTRADAY__SH| 
 []


Package fancyhdr Warning: \headheight is too small (12.0pt): 
(fancyhdr)                Make it at least 13.59999pt, for example:
(fancyhdr)                \setlength{\headheight}{13.59999pt}.
(fancyhdr)                You might also make \topmargin smaller:
(fancyhdr)                \addtolength{\topmargin}{-1.59999pt}.

[34]

Package fancyhdr Warning: \headheight is too small (12.0pt): 
(fancyhdr)                Make it at least 13.59999pt, for example:
(fancyhdr)                \setlength{\headheight}{13.59999pt}.
(fancyhdr)                You might also make \topmargin smaller:
(fancyhdr)                \addtolength{\topmargin}{-1.59999pt}.

[35]

Package fancyhdr Warning: \headheight is too small (12.0pt): 
(fancyhdr)                Make it at least 13.59999pt, for example:
(fancyhdr)                \setlength{\headheight}{13.59999pt}.
(fancyhdr)                You might also make \topmargin smaller:
(fancyhdr)                \addtolength{\topmargin}{-1.59999pt}.

[36]

Package fancyhdr Warning: \headheight is too small (12.0pt): 
(fancyhdr)                Make it at least 13.59999pt, for example:
(fancyhdr)                \setlength{\headheight}{13.59999pt}.
(fancyhdr)                You might also make \topmargin smaller:
(fancyhdr)                \addtolength{\topmargin}{-1.59999pt}.

[37]) (09-chapter4-implementation.tex
Chapter 4.

Underfull \hbox (badness 2111) in paragraph at lines 45--45
[]|\T1/lmr/m/n/12 (+20) The com-para-tor's in-ter-face
 []


Underfull \hbox (badness 6927) in paragraph at lines 45--45
\T1/lmr/m/n/12 (+20) environment-scoped de-ploy-
 []

[38

]
<image/comparator_gate.png, id=864, 927.465pt x 580.1675pt>
File: image/comparator_gate.png Graphic file (type png)
<use image/comparator_gate.png>
Package pdftex.def Info: image/comparator_gate.png  used on input line 61.
(pdftex.def)             Requested size: 441.01773pt x 275.87454pt.


Package fancyhdr Warning: \headheight is too small (12.0pt): 
(fancyhdr)                Make it at least 13.59999pt, for example:
(fancyhdr)                \setlength{\headheight}{13.59999pt}.
(fancyhdr)                You might also make \topmargin smaller:
(fancyhdr)                \addtolength{\topmargin}{-1.59999pt}.

[39]
Package microtype Info: Character `029' is missing
(microtype)             in font `T1/lmr/m/sc/12'.
(microtype)             Ignoring protrusion settings for this character.
<image/comparator_run.png, id=869, 781.92125pt x 476.78125pt>
File: image/comparator_run.png Graphic file (type png)
<use image/comparator_run.png>
Package pdftex.def Info: image/comparator_run.png  used on input line 73.
(pdftex.def)             Requested size: 441.01773pt x 268.91629pt.


Package fancyhdr Warning: \headheight is too small (12.0pt): 
(fancyhdr)                Make it at least 13.59999pt, for example:
(fancyhdr)                \setlength{\headheight}{13.59999pt}.
(fancyhdr)                You might also make \topmargin smaller:
(fancyhdr)                \addtolength{\topmargin}{-1.59999pt}.

[40 <./image/comparator_gate.png>]
<image/comparator_results.png, id=877, 1926.19624pt x 1203.49625pt>
File: image/comparator_results.png Graphic file (type png)
<use image/comparator_results.png>
Package pdftex.def Info: image/comparator_results.png  used on input line 85.
(pdftex.def)             Requested size: 441.01773pt x 275.54958pt.


Package fancyhdr Warning: \headheight is too small (12.0pt): 
(fancyhdr)                Make it at least 13.59999pt, for example:
(fancyhdr)                \setlength{\headheight}{13.59999pt}.
(fancyhdr)                You might also make \topmargin smaller:
(fancyhdr)                \addtolength{\topmargin}{-1.59999pt}.

[41 <./image/comparator_run.png>]
<image/comparator_history.png, id=884, 963.09813pt x 496.35437pt>
File: image/comparator_history.png Graphic file (type png)
<use image/comparator_history.png>
Package pdftex.def Info: image/comparator_history.png  used on input line 97.
(pdftex.def)             Requested size: 441.01773pt x 227.28818pt.


Package fancyhdr Warning: \headheight is too small (12.0pt): 
(fancyhdr)                Make it at least 13.59999pt, for example:
(fancyhdr)                \setlength{\headheight}{13.59999pt}.
(fancyhdr)                You might also make \topmargin smaller:
(fancyhdr)                \addtolength{\topmargin}{-1.59999pt}.

[42 <./image/comparator_results.png (PNG copy)>]

Package fancyhdr Warning: \headheight is too small (12.0pt): 
(fancyhdr)                Make it at least 13.59999pt, for example:
(fancyhdr)                \setlength{\headheight}{13.59999pt}.
(fancyhdr)                You might also make \topmargin smaller:
(fancyhdr)                \addtolength{\topmargin}{-1.59999pt}.

[43 <./image/comparator_history.png>]
<image/deployment_workflow.png, id=896, 1657.19125pt x 956.57375pt>
File: image/deployment_workflow.png Graphic file (type png)
<use image/deployment_workflow.png>
Package pdftex.def Info: image/deployment_workflow.png  used on input line 120.

(pdftex.def)             Requested size: 441.01773pt x 254.57094pt.
<image/github_actions_home.png, id=898, 960.58875pt x 496.85625pt>
File: image/github_actions_home.png Graphic file (type png)
<use image/github_actions_home.png>
Package pdftex.def Info: image/github_actions_home.png  used on input line 132.

(pdftex.def)             Requested size: 441.01773pt x 228.11691pt.


Package fancyhdr Warning: \headheight is too small (12.0pt): 
(fancyhdr)                Make it at least 13.59999pt, for example:
(fancyhdr)                \setlength{\headheight}{13.59999pt}.
(fancyhdr)                You might also make \topmargin smaller:
(fancyhdr)                \addtolength{\topmargin}{-1.59999pt}.

[44 <./image/deployment_workflow.png (PNG copy)>]
<image/github_actions_deploy_job.png, id=904, 929.97438pt x 478.28688pt>
File: image/github_actions_deploy_job.png Graphic file (type png)
<use image/github_actions_deploy_job.png>
Package pdftex.def Info: image/github_actions_deploy_job.png  used on input lin
e 141.
(pdftex.def)             Requested size: 441.01773pt x 226.81642pt.


Package fancyhdr Warning: \headheight is too small (12.0pt): 
(fancyhdr)                Make it at least 13.59999pt, for example:
(fancyhdr)                \setlength{\headheight}{13.59999pt}.
(fancyhdr)                You might also make \topmargin smaller:
(fancyhdr)                \addtolength{\topmargin}{-1.59999pt}.

[45 <./image/github_actions_home.png>]
<image/data_share.png, id=914, 933.4875pt x 498.36188pt>
File: image/data_share.png Graphic file (type png)
<use image/data_share.png>
Package pdftex.def Info: image/data_share.png  used on input line 159.
(pdftex.def)             Requested size: 441.01773pt x 235.44681pt.


Package fancyhdr Warning: \headheight is too small (12.0pt): 
(fancyhdr)                Make it at least 13.59999pt, for example:
(fancyhdr)                \setlength{\headheight}{13.59999pt}.
(fancyhdr)                You might also make \topmargin smaller:
(fancyhdr)                \addtolength{\topmargin}{-1.59999pt}.

[46 <./image/github_actions_deploy_job.png>]
<image/sync_procedure_run.png, id=921, 953.06062pt x 473.77pt>
File: image/sync_procedure_run.png Graphic file (type png)
<use image/sync_procedure_run.png>
Package pdftex.def Info: image/sync_procedure_run.png  used on input line 171.
(pdftex.def)             Requested size: 441.01773pt x 219.23085pt.


Package fancyhdr Warning: \headheight is too small (12.0pt): 
(fancyhdr)                Make it at least 13.59999pt, for example:
(fancyhdr)                \setlength{\headheight}{13.59999pt}.
(fancyhdr)                You might also make \topmargin smaller:
(fancyhdr)                \addtolength{\topmargin}{-1.59999pt}.

[47 <./image/data_share.png>]

Package fancyhdr Warning: \headheight is too small (12.0pt): 
(fancyhdr)                Make it at least 13.59999pt, for example:
(fancyhdr)                \setlength{\headheight}{13.59999pt}.
(fancyhdr)                You might also make \topmargin smaller:
(fancyhdr)                \addtolength{\topmargin}{-1.59999pt}.

[48 <./image/sync_procedure_run.png>]

Package fancyhdr Warning: \headheight is too small (12.0pt): 
(fancyhdr)                Make it at least 13.59999pt, for example:
(fancyhdr)                \setlength{\headheight}{13.59999pt}.
(fancyhdr)                You might also make \topmargin smaller:
(fancyhdr)                \addtolength{\topmargin}{-1.59999pt}.

[49]) (10-chapter5-results.tex
Chapter 5.
[50

]
Underfull \hbox (badness 10000) in alignment at lines 78--78
[][][][][] 
 []

File: image/comparator_results.png Graphic file (type png)
<use image/comparator_results.png>
Package pdftex.def Info: image/comparator_results.png  used on input line 87.
(pdftex.def)             Requested size: 396.91325pt x 247.98543pt.

Package fancyhdr Warning: \headheight is too small (12.0pt): 
(fancyhdr)                Make it at least 13.59999pt, for example:
(fancyhdr)                \setlength{\headheight}{13.59999pt}.
(fancyhdr)                You might also make \topmargin smaller:
(fancyhdr)                \addtolength{\topmargin}{-1.59999pt}.

[51]
Underfull \hbox (badness 10000) in paragraph at lines 109--109
[]|\T1/lmr/bx/n/12 (+20) Environment
 []


Package fancyhdr Warning: \headheight is too small (12.0pt): 
(fancyhdr)                Make it at least 13.59999pt, for example:
(fancyhdr)                \setlength{\headheight}{13.59999pt}.
(fancyhdr)                You might also make \topmargin smaller:
(fancyhdr)                \addtolength{\topmargin}{-1.59999pt}.

[52]
Underfull \hbox (badness 10000) in paragraph at lines 168--168
[]|\T1/lmr/m/n/12 (+20) Each branch de-ploys to
 []


Underfull \hbox (badness 10000) in paragraph at lines 168--168
\T1/lmr/m/n/12 (+20) its mapped en-vi-ron-ment
 []


Package fancyhdr Warning: \headheight is too small (12.0pt): 
(fancyhdr)                Make it at least 13.59999pt, for example:
(fancyhdr)                \setlength{\headheight}{13.59999pt}.
(fancyhdr)                You might also make \topmargin smaller:
(fancyhdr)                \addtolength{\topmargin}{-1.59999pt}.

[53]
File: image/github_actions_deploy_job.png Graphic file (type png)
<use image/github_actions_deploy_job.png>
Package pdftex.def Info: image/github_actions_deploy_job.png  used on input lin
e 177.
(pdftex.def)             Requested size: 396.91325pt x 204.12675pt.


Package fancyhdr Warning: \headheight is too small (12.0pt): 
(fancyhdr)                Make it at least 13.59999pt, for example:
(fancyhdr)                \setlength{\headheight}{13.59999pt}.
(fancyhdr)                You might also make \topmargin smaller:
(fancyhdr)                \addtolength{\topmargin}{-1.59999pt}.

[54]
Underfull \hbox (badness 7291) in paragraph at lines 206--206
[]|\T1/lmr/m/n/12 (+20) Enforced re-view, pipeline-only de-
 []


Package fancyhdr Warning: \headheight is too small (12.0pt): 
(fancyhdr)                Make it at least 13.59999pt, for example:
(fancyhdr)                \setlength{\headheight}{13.59999pt}.
(fancyhdr)                You might also make \topmargin smaller:
(fancyhdr)                \addtolength{\topmargin}{-1.59999pt}.

[55]

Package fancyhdr Warning: \headheight is too small (12.0pt): 
(fancyhdr)                Make it at least 13.59999pt, for example:
(fancyhdr)                \setlength{\headheight}{13.59999pt}.
(fancyhdr)                You might also make \topmargin smaller:
(fancyhdr)                \addtolength{\topmargin}{-1.59999pt}.

[56]) (11-general-conclusion.tex [57

]

Package fancyhdr Warning: \headheight is too small (12.0pt): 
(fancyhdr)                Make it at least 13.59999pt, for example:
(fancyhdr)                \setlength{\headheight}{13.59999pt}.
(fancyhdr)                You might also make \topmargin smaller:
(fancyhdr)                \addtolength{\topmargin}{-1.59999pt}.

[58])
No file main.bbl.
(appendices.tex
Appendix A.

Overfull \hbox (120.70224pt too wide) in alignment at lines 10--15
 [] [] [] [] [] [] 
 []


Overfull \hbox (120.70224pt too wide) in alignment at lines 15--21
 [] [] [] [] [] [] 
 []


Overfull \hbox (120.70224pt too wide) in alignment at lines 21--23
 [] [] [] [] [] [] 
 []


Overfull \hbox (120.70224pt too wide) in alignment at lines 23--27
 [] [] [] [] [] [] 
 []


Underfull \hbox (badness 2103) in paragraph at lines 37--38
[]|\T1/lmr/m/n/12 (+20) S3 in-te-gra-tion, PROD
 []


Overfull \hbox (120.70224pt too wide) in alignment at lines 27--39
 [] [] [] [] [] [] 
 []

[59

]
Appendix B.
) [60

] (main.aux)
 ***********
LaTeX2e <2025-11-01>
L3 programming layer <2026-03-20>
 ***********
Package rerunfilecheck Info: File `main.out' has not changed.
(rerunfilecheck)             Checksum: C3AF8302E48DFD6B6C14EABCDF1A5813;13847.
 ) 
Here is how much of TeX's memory you used:
 45497 strings out of 467691
 934556 string characters out of 5409180
 1448781 words of memory out of 5000000
 73237 multiletter control sequences out of 15000+600000
 739447 words of font info for 272 fonts, out of 8000000 for 9000
 1141 hyphenation exceptions out of 8191
 99i,13n,108p,2489b,988s stack positions out of 10000i,1000n,20000p,200000b,200000s
<C:/Users/MouadMoulayRachid/AppData/Local/Programs/MiKTeX/fonts/type1/public/
lm/lmbx10.pfb><C:/Users/MouadMoulayRachid/AppData/Local/Programs/MiKTeX/fonts/t
ype1/public/lm/lmbx12.pfb><C:/Users/MouadMoulayRachid/AppData/Local/Programs/Mi
KTeX/fonts/type1/public/lm/lmbx8.pfb><C:/Users/MouadMoulayRachid/AppData/Local/
Programs/MiKTeX/fonts/type1/public/lm/lmcsc10.pfb><C:/Users/MouadMoulayRachid/A
ppData/Local/Programs/MiKTeX/fonts/type1/public/lm/lmr10.pfb><C:/Users/MouadMou
layRachid/AppData/Local/Programs/MiKTeX/fonts/type1/public/lm/lmr12.pfb><C:/Use
rs/MouadMoulayRachid/AppData/Local/Programs/MiKTeX/fonts/type1/public/lm/lmr7.p
fb><C:/Users/MouadMoulayRachid/AppData/Local/Programs/MiKTeX/fonts/type1/public
/lm/lmr8.pfb><C:/Users/MouadMoulayRachid/AppData/Local/Programs/MiKTeX/fonts/ty
pe1/public/lm/lmri10.pfb><C:/Users/MouadMoulayRachid/AppData/Local/Programs/MiK
TeX/fonts/type1/public/lm/lmri12.pfb><C:/Users/MouadMoulayRachid/AppData/Local/
Programs/MiKTeX/fonts/type1/public/lm/lmri8.pfb><C:/Users/MouadMoulayRachid/App
Data/Local/Programs/MiKTeX/fonts/type1/public/lm/lmsy10.pfb><C:/Users/MouadMoul
ayRachid/AppData/Local/Programs/MiKTeX/fonts/type1/public/lm/lmtk10.pfb><C:/Use
rs/MouadMoulayRachid/AppData/Local/Programs/MiKTeX/fonts/type1/public/lm/lmtt10
.pfb><C:/Users/MouadMoulayRachid/AppData/Local/Programs/MiKTeX/fonts/type1/publ
ic/lm/lmtt12.pfb><C:/Users/MouadMoulayRachid/AppData/Local/Programs/MiKTeX/font
s/type1/public/lm/lmtt8.pfb><C:/Users/MouadMoulayRachid/AppData/Local/Programs/
MiKTeX/fonts/type1/public/lm/lmtti10.pfb><C:/Users/MouadMoulayRachid/AppData/Lo
cal/Programs/MiKTeX/fonts/type1/urw/zapfding/uzdr.pfb>
Output written on main.pdf (72 pages, 9254808 bytes).
PDF statistics:
 1156 PDF objects out of 1200 (max. 8388607)
 248 named destinations out of 1000 (max. 500000)
 61123 words of extra memory for PDF output out of 61914 (max. 10000000)

